3, 100, 0, 0, handoff
03:00:00: 0_pedestrian_1-1-pt_0 (40) connected from null to 3gBaseStation_1_3 (5)
03:00:00: 10_pedestrian_1-1-pt_1017 (50) connected from null to 4gBaseStation_2_2 (22)
03:00:00: 11_pedestrian_1-1-pt_1018 (51) connected from null to 4gBaseStation_5_2 (29)
03:00:00: 12_pedestrian_1-1-pt_1019 (52) connected from null to 4gBaseStation_3_1 (23)
03:00:00: 13_pedestrian_1-1-pt_102 (53) connected from null to 4gBaseStation_3_1 (23)
03:00:00: 14_pedestrian_1-1-pt_1020 (54) connected from null to 4gBaseStation_3_1 (23)
03:00:00: 15_pedestrian_1-1-pt_1021 (55) connected from null to 4gBaseStation_5_2 (29)
03:00:00: 16_pedestrian_1-1-pt_1022 (56) connected from null to 4gBaseStation_3_1 (23)
03:00:00: 17_pedestrian_1-1-pt_1024 (57) connected from null to 4gBaseStation_5_2 (29)
03:00:00: 18_pedestrian_1-1-pt_1025 (58) connected from null to 4gBaseStation_2_2 (22)
03:00:00: 19_pedestrian_1-1-pt_1026 (59) connected from null to 4gBaseStation_2_1 (21)
03:00:00: 1_pedestrian_1-1-pt_100 (41) connected from null to 4gBaseStation_5_2 (29)
03:00:00: 20_pedestrian_1-1-pt_1027 (60) connected from null to 4gBaseStation_6_2 (31)
03:00:00: 21_pedestrian_1-1-pt_1028 (61) connected from null to 4gBaseStation_3_2 (24)
03:00:00: 22_pedestrian_1-1-pt_1031 (62) connected from null to 4gBaseStation_2_2 (22)
03:00:00: 23_pedestrian_1-1-pt_1032 (63) connected from null to 4gBaseStation_5_2 (29)
03:00:00: 24_pedestrian_1-1-pt_1033 (64) connected from null to 4gBaseStation_3_1 (23)
03:00:00: 25_pedestrian_1-1-pt_1034 (65) connected from null to 4gBaseStation_2_2 (22)
03:00:00: 26_pedestrian_1-1-pt_1037 (66) connected from null to 4gBaseStation_1_2 (20)
03:00:00: 27_pedestrian_1-1-pt_1038 (67) connected from null to 4gBaseStation_2_1 (21)
03:00:00: 28_pedestrian_1-1-pt_1039 (68) connected from null to 3gBaseStation_1_3 (5)
03:00:00: 29_pedestrian_1-1-pt_1040 (69) connected from null to 4gBaseStation_3_1 (23)
03:00:00: 2_pedestrian_1-1-pt_1003 (42) connected from null to 4gBaseStation_3_1 (23)
03:00:00: 30_pedestrian_1-1-pt_1042 (70) connected from null to 4gBaseStation_2_1 (21)
03:00:00: 31_pedestrian_1-1-pt_1044 (71) connected from null to 4gBaseStation_1_2 (20)
03:00:00: 32_pedestrian_1-1-pt_1047 (72) connected from null to 4gBaseStation_2_2 (22)
03:00:00: 33_pedestrian_1-1-pt_1048 (73) connected from null to 4gBaseStation_1_2 (20)
03:00:00: 34_pedestrian_1-1-pt_1049 (74) connected from null to 4gBaseStation_5_2 (29)
03:00:00: 35_pedestrian_1-1-pt_105 (75) connected from null to 4gBaseStation_3_1 (23)
03:00:00: 36_pedestrian_1-1-pt_1051 (76) connected from null to 4gBaseStation_1_1 (19)
03:00:00: 37_pedestrian_1-1-pt_1052 (77) connected from null to 4gBaseStation_1_2 (20)
03:00:00: 38_pedestrian_1-1-pt_1053 (78) connected from null to 4gBaseStation_5_2 (29)
03:00:00: 39_pedestrian_1-1-pt_1054 (79) connected from null to 4gBaseStation_3_1 (23)
03:00:00: 3_pedestrian_1-1-pt_1005 (43) connected from null to 4gBaseStation_3_1 (23)
03:00:00: 40_pedestrian_1-1-pt_1055 (80) connected from null to 4gBaseStation_2_2 (22)
03:00:00: 41_pedestrian_1-1-pt_106 (81) connected from null to 4gBaseStation_3_1 (23)
03:00:00: 42_pedestrian_1-1-pt_1062 (82) connected from null to 4gBaseStation_2_1 (21)
03:00:00: 43_pedestrian_1-1-pt_1064 (83) connected from null to 4gBaseStation_3_2 (24)
03:00:00: 44_pedestrian_1-1-pt_1069 (84) connected from null to 4gBaseStation_3_2 (24)
03:00:00: 45_pedestrian_1-1-pt_1071 (85) connected from null to 4gBaseStation_2_1 (21)
03:00:00: 46_pedestrian_1-1-pt_1072 (86) connected from null to 4gBaseStation_3_1 (23)
03:00:00: 47_pedestrian_1-1-pt_1073 (87) connected from null to 4gBaseStation_3_1 (23)
03:00:00: 48_pedestrian_1-1-pt_1075 (88) connected from null to 4gBaseStation_2_1 (21)
03:00:00: 49_pedestrian_1-1-pt_1076 (89) connected from null to 4gBaseStation_2_1 (21)
03:00:00: 4_pedestrian_1-1-pt_1006 (44) connected from null to 4gBaseStation_3_2 (24)
03:00:00: 50_pedestrian_1-1-pt_1078 (90) connected from null to 4gBaseStation_3_2 (24)
03:00:00: 51_pedestrian_1-1-pt_1079 (91) connected from null to 4gBaseStation_5_2 (29)
03:00:00: 52_pedestrian_1-1-pt_1082 (92) connected from null to 4gBaseStation_2_1 (21)
03:00:00: 53_pedestrian_1-1-pt_1085 (93) connected from null to 4gBaseStation_2_2 (22)
03:00:00: 54_pedestrian_1-1-pt_1088 (94) connected from null to 4gBaseStation_5_2 (29)
03:00:00: 55_pedestrian_1-1-pt_1089 (95) connected from null to 4gBaseStation_3_1 (23)
03:00:00: 56_pedestrian_1-1-pt_109 (96) connected from null to 4gBaseStation_5_2 (29)
03:00:00: 57_pedestrian_1-1-pt_1093 (97) connected from null to 4gBaseStation_3_1 (23)
03:00:00: 58_pedestrian_1-1-pt_1097 (98) connected from null to 4gBaseStation_2_1 (21)
03:00:00: 59_pedestrian_1-1-pt_1098 (99) connected from null to 4gBaseStation_1_2 (20)
03:00:00: 5_pedestrian_1-1-pt_1008 (45) connected from null to 4gBaseStation_3_1 (23)
03:00:00: 60_pedestrian_1-1-pt_11 (100) connected from null to 4gBaseStation_2_2 (22)
03:00:00: 61_pedestrian_1-1-pt_1103 (101) connected from null to 4gBaseStation_3_1 (23)
03:00:00: 62_pedestrian_1-1-pt_1104 (102) connected from null to 4gBaseStation_2_1 (21)
03:00:00: 63_pedestrian_1-1-pt_1108 (103) connected from null to 4gBaseStation_2_2 (22)
03:00:00: 64_pedestrian_1-1-pt_1109 (104) connected from null to 4gBaseStation_1_1 (19)
03:00:00: 65_pedestrian_1-1-pt_111 (105) connected from null to 4gBaseStation_4_2 (26)
03:00:00: 66_pedestrian_1-1-pt_1111 (106) connected from null to 4gBaseStation_3_1 (23)
03:00:00: 67_pedestrian_1-1-pt_1113 (107) connected from null to 4gBaseStation_3_1 (23)
03:00:00: 68_pedestrian_1-1-pt_1116 (108) connected from null to 4gBaseStation_5_1 (28)
03:00:00: 69_pedestrian_1-1-pt_1118 (109) connected from null to 4gBaseStation_3_2 (24)
03:00:00: 6_pedestrian_1-1-pt_1009 (46) connected from null to 4gBaseStation_3_1 (23)
03:00:00: 70_pedestrian_1-1-pt_1121 (110) connected from null to 4gBaseStation_2_1 (21)
03:00:00: 71_pedestrian_1-1-pt_1122 (111) connected from null to 4gBaseStation_2_1 (21)
03:00:00: 72_pedestrian_1-1-pt_1123 (112) connected from null to 4gBaseStation_2_1 (21)
03:00:00: 73_pedestrian_1-1-pt_1124 (113) connected from null to 4gBaseStation_2_1 (21)
03:00:00: 74_pedestrian_1-1-pt_1125 (114) connected from null to 4gBaseStation_4_3 (27)
03:00:00: 75_pedestrian_1-1-pt_1126 (115) connected from null to 4gBaseStation_3_1 (23)
03:00:00: 76_pedestrian_1-1-pt_1128 (116) connected from null to 4gBaseStation_5_1 (28)
03:00:00: 77_pedestrian_1-1-pt_113 (117) connected from null to 4gBaseStation_2_1 (21)
03:00:00: 78_pedestrian_1-1-pt_1130 (118) connected from null to 4gBaseStation_3_1 (23)
03:00:00: 79_pedestrian_1-1-pt_1133 (119) connected from null to 4gBaseStation_3_1 (23)
03:00:00: 7_pedestrian_1-1-pt_101 (47) connected from null to 4gBaseStation_5_2 (29)
03:00:00: 80_pedestrian_1-1-pt_1134 (120) connected from null to 4gBaseStation_2_1 (21)
03:00:00: 81_pedestrian_1-1-pt_1135 (121) connected from null to 4gBaseStation_2_2 (22)
03:00:00: 82_pedestrian_1-1-pt_1138 (122) connected from null to 4gBaseStation_2_2 (22)
03:00:00: 83_pedestrian_1-1-pt_1139 (123) connected from null to 4gBaseStation_5_2 (29)
03:00:00: 84_pedestrian_1-1-pt_1140 (124) connected from null to 4gBaseStation_3_1 (23)
03:00:00: 85_pedestrian_1-1-pt_1141 (125) connected from null to 4gBaseStation_3_2 (24)
03:00:00: 86_pedestrian_1-1-pt_1142 (126) connected from null to 4gBaseStation_2_1 (21)
03:00:00: 87_pedestrian_1-1-pt_1146 (127) connected from null to 4gBaseStation_2_2 (22)
03:00:00: 88_pedestrian_1-1-pt_115 (128) connected from null to 4gBaseStation_5_2 (29)
03:00:00: 89_pedestrian_1-1-pt_1150 (129) connected from null to 4gBaseStation_2_2 (22)
03:00:00: 8_pedestrian_1-1-pt_1011 (48) connected from null to 4gBaseStation_3_1 (23)
03:00:00: 90_pedestrian_1-1-pt_1153 (130) connected from null to 4gBaseStation_3_1 (23)
03:00:00: 91_pedestrian_1-1-pt_1158 (131) connected from null to 4gBaseStation_3_1 (23)
03:00:00: 92_pedestrian_1-1-pt_116 (132) connected from null to 4gBaseStation_3_1 (23)
03:00:00: 93_pedestrian_1-1-pt_1162 (133) connected from null to 4gBaseStation_4_3 (27)
03:00:00: 94_pedestrian_1-1-pt_1164 (134) connected from null to 4gBaseStation_3_1 (23)
03:00:00: 95_pedestrian_1-1-pt_1167 (135) connected from null to 4gBaseStation_5_1 (28)
03:00:00: 96_pedestrian_1-1-pt_1169 (136) connected from null to 4gBaseStation_1_1 (19)
03:00:00: 97_pedestrian_1-1-pt_117 (137) connected from null to 4gBaseStation_3_1 (23)
03:00:00: 98_pedestrian_1-1-pt_1170 (138) connected from null to 4gBaseStation_3_1 (23)
03:00:00: 99_pedestrian_1-1-pt_1171 (139) connected from null to 4gBaseStation_3_2 (24)
03:00:00: 9_pedestrian_1-1-pt_1015 (49) connected from null to 4gBaseStation_4_3 (27)
03:03:33: 4_pedestrian_1-1-pt_1006 (44) connected from 4gBaseStation_3_2 (24) to 4gBaseStation_3_1 (23)
03:04:26: 4_pedestrian_1-1-pt_1006 (44) connected from 4gBaseStation_3_1 (23) to 4gBaseStation_4_2 (26)
03:04:59: 80_pedestrian_1-1-pt_1134 (120) connected from 4gBaseStation_2_1 (21) to null
03:04:59: 86_pedestrian_1-1-pt_1142 (126) connected from 4gBaseStation_2_1 (21) to null
03:06:02: 86_pedestrian_1-1-pt_1142 (126) connected from null to 4gBaseStation_3_1 (23)
03:06:03: 80_pedestrian_1-1-pt_1134 (120) connected from null to 4gBaseStation_3_1 (23)
03:06:42: 64_pedestrian_1-1-pt_1109 (104) connected from 4gBaseStation_1_1 (19) to 4gBaseStation_2_1 (21)
03:10:01: 96_pedestrian_1-1-pt_1169 (136) connected from 4gBaseStation_1_1 (19) to 4gBaseStation_2_1 (21)
03:12:33: 28_pedestrian_1-1-pt_1039 (68) connected from 3gBaseStation_1_3 (5) to 4gBaseStation_2_1 (21)
03:12:49: 28_pedestrian_1-1-pt_1039 (68) connected from 4gBaseStation_2_1 (21) to 3gBaseStation_1_3 (5)
03:13:05: 28_pedestrian_1-1-pt_1039 (68) connected from 3gBaseStation_1_3 (5) to 3gBaseStation_2_3 (8)
03:13:36: 64_pedestrian_1-1-pt_1109 (104) connected from 4gBaseStation_2_1 (21) to 4gBaseStation_3_1 (23)
03:15:23: 28_pedestrian_1-1-pt_1039 (68) connected from 3gBaseStation_2_3 (8) to 3gBaseStation_1_3 (5)
03:15:27: 63_pedestrian_1-1-pt_1108 (103) connected from 4gBaseStation_2_2 (22) to 4gBaseStation_2_1 (21)
03:16:45: 95_pedestrian_1-1-pt_1167 (135) connected from 4gBaseStation_5_1 (28) to 4gBaseStation_4_3 (27)
03:17:15: 47_pedestrian_1-1-pt_1073 (87) connected from 4gBaseStation_3_1 (23) to 4gBaseStation_4_2 (26)
03:18:38: 29_pedestrian_1-1-pt_1040 (69) connected from 4gBaseStation_3_1 (23) to 4gBaseStation_4_2 (26)
03:18:39: 16_pedestrian_1-1-pt_1022 (56) connected from 4gBaseStation_3_1 (23) to 4gBaseStation_3_2 (24)
03:19:11: 28_pedestrian_1-1-pt_1039 (68) connected from 3gBaseStation_1_3 (5) to 4gBaseStation_2_1 (21)
03:19:14: 47_pedestrian_1-1-pt_1073 (87) connected from 4gBaseStation_4_2 (26) to 4gBaseStation_3_2 (24)
03:19:18: 50_pedestrian_1-1-pt_1078 (90) connected from 4gBaseStation_3_2 (24) to 4gBaseStation_3_1 (23)
03:19:55: 28_pedestrian_1-1-pt_1039 (68) connected from 4gBaseStation_2_1 (21) to 4gBaseStation_3_1 (23)
03:20:43: 16_pedestrian_1-1-pt_1022 (56) connected from 4gBaseStation_3_2 (24) to 4gBaseStation_4_2 (26)
03:20:58: 50_pedestrian_1-1-pt_1078 (90) connected from 4gBaseStation_3_1 (23) to 4gBaseStation_2_1 (21)
03:21:24: 47_pedestrian_1-1-pt_1073 (87) connected from 4gBaseStation_3_2 (24) to 4gBaseStation_4_3 (27)
03:21:32: 16_pedestrian_1-1-pt_1022 (56) connected from 4gBaseStation_4_2 (26) to 4gBaseStation_4_3 (27)
03:22:28: 95_pedestrian_1-1-pt_1167 (135) connected from 4gBaseStation_4_3 (27) to 4gBaseStation_3_2 (24)
03:22:32: 16_pedestrian_1-1-pt_1022 (56) connected from 4gBaseStation_4_3 (27) to 4gBaseStation_5_1 (28)
03:22:36: 8_pedestrian_1-1-pt_1011 (48) connected from 4gBaseStation_3_1 (23) to 4gBaseStation_3_2 (24)
03:23:55: 26_pedestrian_1-1-pt_1037 (66) connected from 4gBaseStation_1_2 (20) to 4gBaseStation_2_1 (21)
03:24:02: 0_pedestrian_1-1-pt_0 (40) connected from 3gBaseStation_1_3 (5) to 4gBaseStation_2_1 (21)
03:24:35: 0_pedestrian_1-1-pt_0 (40) connected from 4gBaseStation_2_1 (21) to 4gBaseStation_3_1 (23)
03:24:41: 65_pedestrian_1-1-pt_111 (105) connected from 4gBaseStation_4_2 (26) to 4gBaseStation_3_1 (23)
03:24:45: 8_pedestrian_1-1-pt_1011 (48) connected from 4gBaseStation_3_2 (24) to 4gBaseStation_4_2 (26)
03:24:52: 26_pedestrian_1-1-pt_1037 (66) connected from 4gBaseStation_2_1 (21) to 4gBaseStation_2_2 (22)
03:25:38: 60_pedestrian_1-1-pt_11 (100) connected from 4gBaseStation_2_2 (22) to 4gBaseStation_2_1 (21)
03:25:46: 8_pedestrian_1-1-pt_1011 (48) connected from 4gBaseStation_4_2 (26) to 4gBaseStation_4_3 (27)
03:26:16: 26_pedestrian_1-1-pt_1037 (66) connected from 4gBaseStation_2_2 (22) to 4gBaseStation_3_1 (23)
03:26:26: 50_pedestrian_1-1-pt_1078 (90) connected from 4gBaseStation_2_1 (21) to 4gBaseStation_1_2 (20)
03:26:59: 60_pedestrian_1-1-pt_11 (100) connected from 4gBaseStation_2_1 (21) to 4gBaseStation_1_2 (20)
03:27:00: 8_pedestrian_1-1-pt_1011 (48) connected from 4gBaseStation_4_3 (27) to 4gBaseStation_5_1 (28)
03:27:31: 26_pedestrian_1-1-pt_1037 (66) connected from 4gBaseStation_3_1 (23) to 4gBaseStation_3_2 (24)
03:27:48: 65_pedestrian_1-1-pt_111 (105) connected from 4gBaseStation_3_1 (23) to 4gBaseStation_2_1 (21)
03:28:10: 0_pedestrian_1-1-pt_0 (40) connected from 4gBaseStation_3_1 (23) to 4gBaseStation_2_1 (21)
03:28:32: 60_pedestrian_1-1-pt_11 (100) connected from 4gBaseStation_1_2 (20) to 3gBaseStation_1_3 (5)
03:28:36: 96_pedestrian_1-1-pt_1169 (136) connected from 4gBaseStation_2_1 (21) to 4gBaseStation_3_1 (23)
03:29:21: 26_pedestrian_1-1-pt_1037 (66) connected from 4gBaseStation_3_2 (24) to 4gBaseStation_4_2 (26)
03:29:51: 80_pedestrian_1-1-pt_1134 (120) connected from 4gBaseStation_3_1 (23) to 4gBaseStation_4_2 (26)
03:30:26: 26_pedestrian_1-1-pt_1037 (66) connected from 4gBaseStation_4_2 (26) to 4gBaseStation_4_3 (27)
03:30:40: 10_pedestrian_1-1-pt_1017 (50) connected from 4gBaseStation_2_2 (22) to 4gBaseStation_3_1 (23)
03:30:45: 0_pedestrian_1-1-pt_0 (40) connected from 4gBaseStation_2_1 (21) to 4gBaseStation_1_1 (19)
03:31:23: 26_pedestrian_1-1-pt_1037 (66) connected from 4gBaseStation_4_3 (27) to 4gBaseStation_5_1 (28)
03:31:31: 0_pedestrian_1-1-pt_0 (40) connected from 4gBaseStation_1_1 (19) to 4gBaseStation_1_2 (20)
03:32:02: 95_pedestrian_1-1-pt_1167 (135) connected from 4gBaseStation_3_2 (24) to 4gBaseStation_3_1 (23)
03:32:15: 86_pedestrian_1-1-pt_1142 (126) connected from 4gBaseStation_3_1 (23) to 4gBaseStation_4_2 (26)
03:32:18: 24_pedestrian_1-1-pt_1033 (64) connected from 4gBaseStation_3_1 (23) to 4gBaseStation_2_1 (21)
03:33:15: 0_pedestrian_1-1-pt_0 (40) connected from 4gBaseStation_1_2 (20) to 3gBaseStation_1_3 (5)
03:34:13: 95_pedestrian_1-1-pt_1167 (135) connected from 4gBaseStation_3_1 (23) to 4gBaseStation_2_1 (21)
03:34:17: 19_pedestrian_1-1-pt_1026 (59) connected from 4gBaseStation_2_1 (21) to 4gBaseStation_3_1 (23)
03:34:29: 45_pedestrian_1-1-pt_1071 (85) connected from 4gBaseStation_2_1 (21) to 4gBaseStation_3_1 (23)
03:34:36: 95_pedestrian_1-1-pt_1167 (135) connected from 4gBaseStation_2_1 (21) to 4gBaseStation_2_2 (22)
03:34:44: 45_pedestrian_1-1-pt_1071 (85) connected from 4gBaseStation_3_1 (23) to null
03:34:52: 45_pedestrian_1-1-pt_1071 (85) connected from null to 3gBaseStation_2_3 (8)
03:36:12: 45_pedestrian_1-1-pt_1071 (85) connected from 3gBaseStation_2_3 (8) to null
03:36:13: 45_pedestrian_1-1-pt_1071 (85) connected from null to 4gBaseStation_3_1 (23)
03:36:25: 95_pedestrian_1-1-pt_1167 (135) connected from 4gBaseStation_2_2 (22) to 4gBaseStation_3_1 (23)
03:37:14: 95_pedestrian_1-1-pt_1167 (135) connected from 4gBaseStation_3_1 (23) to 4gBaseStation_2_1 (21)
03:37:17: 56_pedestrian_1-1-pt_109 (96) connected from 4gBaseStation_5_2 (29) to 4gBaseStation_4_3 (27)
03:37:19: 10_pedestrian_1-1-pt_1017 (50) connected from 4gBaseStation_3_1 (23) to 4gBaseStation_3_2 (24)
03:37:21: 82_pedestrian_1-1-pt_1138 (122) connected from 4gBaseStation_2_2 (22) to 4gBaseStation_2_1 (21)
03:37:50: 95_pedestrian_1-1-pt_1167 (135) connected from 4gBaseStation_2_1 (21) to 4gBaseStation_2_2 (22)
03:39:21: 10_pedestrian_1-1-pt_1017 (50) connected from 4gBaseStation_3_2 (24) to 4gBaseStation_4_2 (26)
03:39:32: 19_pedestrian_1-1-pt_1026 (59) connected from 4gBaseStation_3_1 (23) to 4gBaseStation_4_2 (26)
03:40:27: 10_pedestrian_1-1-pt_1017 (50) connected from 4gBaseStation_4_2 (26) to 4gBaseStation_3_2 (24)
03:40:39: 82_pedestrian_1-1-pt_1138 (122) connected from 4gBaseStation_2_1 (21) to 4gBaseStation_2_2 (22)
03:41:17: 24_pedestrian_1-1-pt_1033 (64) connected from 4gBaseStation_2_1 (21) to 4gBaseStation_2_2 (22)
03:41:25: 82_pedestrian_1-1-pt_1138 (122) connected from 4gBaseStation_2_2 (22) to 4gBaseStation_3_1 (23)
03:41:46: 10_pedestrian_1-1-pt_1017 (50) connected from 4gBaseStation_3_2 (24) to 4gBaseStation_4_3 (27)
03:42:01: 82_pedestrian_1-1-pt_1138 (122) connected from 4gBaseStation_3_1 (23) to 4gBaseStation_3_2 (24)
03:43:15: 43_pedestrian_1-1-pt_1064 (83) connected from 4gBaseStation_3_2 (24) to 4gBaseStation_4_2 (26)
03:43:30: 82_pedestrian_1-1-pt_1138 (122) connected from 4gBaseStation_3_2 (24) to 4gBaseStation_4_2 (26)
03:43:35: 86_pedestrian_1-1-pt_1142 (126) connected from 4gBaseStation_4_2 (26) to 4gBaseStation_4_3 (27)
03:43:58: 80_pedestrian_1-1-pt_1134 (120) connected from 4gBaseStation_4_2 (26) to 4gBaseStation_5_1 (28)
03:44:33: 82_pedestrian_1-1-pt_1138 (122) connected from 4gBaseStation_4_2 (26) to 4gBaseStation_4_3 (27)
03:44:44: 86_pedestrian_1-1-pt_1142 (126) connected from 4gBaseStation_4_3 (27) to 4gBaseStation_5_1 (28)
03:45:06: 43_pedestrian_1-1-pt_1064 (83) connected from 4gBaseStation_4_2 (26) to 4gBaseStation_3_1 (23)
03:45:12: 82_pedestrian_1-1-pt_1138 (122) connected from 4gBaseStation_4_3 (27) to 4gBaseStation_5_1 (28)
03:45:13: 10_pedestrian_1-1-pt_1017 (50) connected from 4gBaseStation_4_3 (27) to 4gBaseStation_5_2 (29)
03:46:04: 82_pedestrian_1-1-pt_1138 (122) connected from 4gBaseStation_5_1 (28) to 4gBaseStation_5_2 (29)
03:46:40: 56_pedestrian_1-1-pt_109 (96) connected from 4gBaseStation_4_3 (27) to 4gBaseStation_3_2 (24)
03:47:07: 82_pedestrian_1-1-pt_1138 (122) connected from 4gBaseStation_5_2 (29) to 4gBaseStation_6_3 (32)
03:50:14: 27_pedestrian_1-1-pt_1038 (67) connected from 4gBaseStation_2_1 (21) to 4gBaseStation_3_1 (23)
03:51:15: 81_pedestrian_1-1-pt_1135 (121) connected from 4gBaseStation_2_2 (22) to 4gBaseStation_2_1 (21)
03:51:40: 81_pedestrian_1-1-pt_1135 (121) connected from 4gBaseStation_2_1 (21) to 4gBaseStation_2_2 (22)
03:52:10: 27_pedestrian_1-1-pt_1038 (67) connected from 4gBaseStation_3_1 (23) to 4gBaseStation_3_2 (24)
03:52:48: 23_pedestrian_1-1-pt_1032 (63) connected from 4gBaseStation_5_2 (29) to 4gBaseStation_5_1 (28)
03:53:30: 81_pedestrian_1-1-pt_1135 (121) connected from 4gBaseStation_2_2 (22) to 4gBaseStation_3_1 (23)
03:53:39: 82_pedestrian_1-1-pt_1138 (122) connected from 4gBaseStation_6_3 (32) to 4gBaseStation_5_2 (29)
03:53:53: 27_pedestrian_1-1-pt_1038 (67) connected from 4gBaseStation_3_2 (24) to 4gBaseStation_4_2 (26)
03:54:03: 31_pedestrian_1-1-pt_1044 (71) connected from 4gBaseStation_1_2 (20) to 3gBaseStation_1_3 (5)
03:54:03: 56_pedestrian_1-1-pt_109 (96) connected from 4gBaseStation_3_2 (24) to 4gBaseStation_3_1 (23)
03:54:31: 23_pedestrian_1-1-pt_1032 (63) connected from 4gBaseStation_5_1 (28) to 4gBaseStation_4_3 (27)
03:54:43: 27_pedestrian_1-1-pt_1038 (67) connected from 4gBaseStation_4_2 (26) to 4gBaseStation_4_3 (27)
03:55:40: 27_pedestrian_1-1-pt_1038 (67) connected from 4gBaseStation_4_3 (27) to 4gBaseStation_5_1 (28)
03:55:45: 23_pedestrian_1-1-pt_1032 (63) connected from 4gBaseStation_4_3 (27) to 4gBaseStation_4_2 (26)
03:56:01: 56_pedestrian_1-1-pt_109 (96) connected from 4gBaseStation_3_1 (23) to 4gBaseStation_2_1 (21)
03:56:25: 27_pedestrian_1-1-pt_1038 (67) connected from 4gBaseStation_5_1 (28) to 4gBaseStation_5_2 (29)
03:56:26: 56_pedestrian_1-1-pt_109 (96) connected from 4gBaseStation_2_1 (21) to 4gBaseStation_2_2 (22)
03:58:05: 23_pedestrian_1-1-pt_1032 (63) connected from 4gBaseStation_4_2 (26) to 4gBaseStation_3_2 (24)
03:58:32: 61_pedestrian_1-1-pt_1103 (101) connected from 4gBaseStation_3_1 (23) to 4gBaseStation_2_1 (21)
03:59:27: 25_pedestrian_1-1-pt_1034 (65) connected from 4gBaseStation_2_2 (22) to 4gBaseStation_2_1 (21)
04:00:35: 23_pedestrian_1-1-pt_1032 (63) connected from 4gBaseStation_3_2 (24) to 4gBaseStation_3_1 (23)
04:01:40: 9_pedestrian_1-1-pt_1015 (49) connected from 4gBaseStation_4_3 (27) to 4gBaseStation_3_2 (24)
04:01:44: 7_pedestrian_1-1-pt_101 (47) connected from 4gBaseStation_5_2 (29) to 4gBaseStation_4_3 (27)
04:03:24: 9_pedestrian_1-1-pt_1015 (49) connected from 4gBaseStation_3_2 (24) to 4gBaseStation_4_2 (26)
04:04:28: 23_pedestrian_1-1-pt_1032 (63) connected from 4gBaseStation_3_1 (23) to 4gBaseStation_2_1 (21)
04:06:04: 25_pedestrian_1-1-pt_1034 (65) connected from 4gBaseStation_2_1 (21) to 4gBaseStation_3_1 (23)
04:06:09: 22_pedestrian_1-1-pt_1031 (62) connected from 4gBaseStation_2_2 (22) to 4gBaseStation_2_1 (21)
04:07:04: 9_pedestrian_1-1-pt_1015 (49) connected from 4gBaseStation_4_2 (26) to 4gBaseStation_3_1 (23)
04:07:13: 76_pedestrian_1-1-pt_1128 (116) connected from 4gBaseStation_5_1 (28) to 4gBaseStation_4_3 (27)
04:09:55: 31_pedestrian_1-1-pt_1044 (71) connected from 3gBaseStation_1_3 (5) to 4gBaseStation_2_1 (21)
04:11:26: 22_pedestrian_1-1-pt_1031 (62) connected from 4gBaseStation_2_1 (21) to 4gBaseStation_2_2 (22)
04:12:17: 22_pedestrian_1-1-pt_1031 (62) connected from 4gBaseStation_2_2 (22) to 4gBaseStation_3_1 (23)
04:12:58: 22_pedestrian_1-1-pt_1031 (62) connected from 4gBaseStation_3_1 (23) to 4gBaseStation_3_2 (24)
04:14:56: 22_pedestrian_1-1-pt_1031 (62) connected from 4gBaseStation_3_2 (24) to 4gBaseStation_4_2 (26)
04:17:47: 62_pedestrian_1-1-pt_1104 (102) connected from 4gBaseStation_2_1 (21) to 4gBaseStation_1_1 (19)
04:18:47: 62_pedestrian_1-1-pt_1104 (102) connected from 4gBaseStation_1_1 (19) to 4gBaseStation_2_1 (21)
04:18:56: 69_pedestrian_1-1-pt_1118 (109) connected from 4gBaseStation_3_2 (24) to 4gBaseStation_3_1 (23)
04:21:53: 98_pedestrian_1-1-pt_1170 (138) connected from 4gBaseStation_3_1 (23) to 4gBaseStation_3_2 (24)
04:23:52: 98_pedestrian_1-1-pt_1170 (138) connected from 4gBaseStation_3_2 (24) to 4gBaseStation_4_2 (26)
04:25:59: 76_pedestrian_1-1-pt_1128 (116) connected from 4gBaseStation_4_3 (27) to 4gBaseStation_4_2 (26)
04:28:09: 79_pedestrian_1-1-pt_1133 (119) connected from 4gBaseStation_3_1 (23) to 4gBaseStation_2_1 (21)
04:28:21: 76_pedestrian_1-1-pt_1128 (116) connected from 4gBaseStation_4_2 (26) to 4gBaseStation_3_2 (24)
04:28:28: 34_pedestrian_1-1-pt_1049 (74) connected from 4gBaseStation_5_2 (29) to 4gBaseStation_5_1 (28)
04:28:30: 69_pedestrian_1-1-pt_1118 (109) connected from 4gBaseStation_3_1 (23) to 4gBaseStation_2_1 (21)
04:29:27: 36_pedestrian_1-1-pt_1051 (76) connected from 4gBaseStation_1_1 (19) to 4gBaseStation_2_1 (21)
04:29:35: 98_pedestrian_1-1-pt_1170 (138) connected from 4gBaseStation_4_2 (26) to 4gBaseStation_4_3 (27)
04:30:44: 98_pedestrian_1-1-pt_1170 (138) connected from 4gBaseStation_4_3 (27) to 4gBaseStation_5_1 (28)
04:31:10: 76_pedestrian_1-1-pt_1128 (116) connected from 4gBaseStation_3_2 (24) to 4gBaseStation_3_1 (23)
04:31:20: 34_pedestrian_1-1-pt_1049 (74) connected from 4gBaseStation_5_1 (28) to 4gBaseStation_4_3 (27)
04:31:50: 98_pedestrian_1-1-pt_1170 (138) connected from 4gBaseStation_5_1 (28) to 4gBaseStation_5_2 (29)
04:32:17: 79_pedestrian_1-1-pt_1133 (119) connected from 4gBaseStation_2_1 (21) to 4gBaseStation_1_1 (19)
04:32:26: 93_pedestrian_1-1-pt_1162 (133) connected from 4gBaseStation_4_3 (27) to 4gBaseStation_4_2 (26)
04:33:04: 1_pedestrian_1-1-pt_100 (41) connected from 4gBaseStation_5_2 (29) to 4gBaseStation_5_1 (28)
04:33:34: 79_pedestrian_1-1-pt_1133 (119) connected from 4gBaseStation_1_1 (19) to 4gBaseStation_2_1 (21)
04:33:59: 52_pedestrian_1-1-pt_1082 (92) connected from 4gBaseStation_2_1 (21) to 4gBaseStation_2_2 (22)
04:34:11: 93_pedestrian_1-1-pt_1162 (133) connected from 4gBaseStation_4_2 (26) to 4gBaseStation_3_2 (24)
04:34:54: 93_pedestrian_1-1-pt_1162 (133) connected from 4gBaseStation_3_2 (24) to 4gBaseStation_3_1 (23)
04:35:40: 76_pedestrian_1-1-pt_1128 (116) connected from 4gBaseStation_3_1 (23) to 4gBaseStation_2_1 (21)
04:36:05: 13_pedestrian_1-1-pt_102 (53) connected from 4gBaseStation_3_1 (23) to 4gBaseStation_3_2 (24)
04:36:34: 93_pedestrian_1-1-pt_1162 (133) connected from 4gBaseStation_3_1 (23) to 4gBaseStation_2_1 (21)
04:38:28: 93_pedestrian_1-1-pt_1162 (133) connected from 4gBaseStation_2_1 (21) to 4gBaseStation_2_2 (22)
04:38:47: 88_pedestrian_1-1-pt_115 (128) connected from 4gBaseStation_5_2 (29) to 4gBaseStation_5_1 (28)
04:39:02: 13_pedestrian_1-1-pt_102 (53) connected from 4gBaseStation_3_2 (24) to 4gBaseStation_4_2 (26)
04:39:34: 88_pedestrian_1-1-pt_115 (128) connected from 4gBaseStation_5_1 (28) to 4gBaseStation_4_3 (27)
04:39:52: 1_pedestrian_1-1-pt_100 (41) connected from 4gBaseStation_5_1 (28) to 4gBaseStation_4_3 (27)
04:40:26: 13_pedestrian_1-1-pt_102 (53) connected from 4gBaseStation_4_2 (26) to 4gBaseStation_4_3 (27)
04:40:26: 88_pedestrian_1-1-pt_115 (128) connected from 4gBaseStation_4_3 (27) to 4gBaseStation_4_2 (26)
04:40:37: 99_pedestrian_1-1-pt_1171 (139) connected from 4gBaseStation_3_2 (24) to 4gBaseStation_3_1 (23)
04:41:04: 1_pedestrian_1-1-pt_100 (41) connected from 4gBaseStation_4_3 (27) to 4gBaseStation_4_2 (26)
04:41:06: 88_pedestrian_1-1-pt_115 (128) connected from 4gBaseStation_4_2 (26) to 4gBaseStation_3_2 (24)
04:42:00: 36_pedestrian_1-1-pt_1051 (76) connected from 4gBaseStation_2_1 (21) to 4gBaseStation_2_2 (22)
04:42:35: 15_pedestrian_1-1-pt_1021 (55) connected from 4gBaseStation_5_2 (29) to 4gBaseStation_4_3 (27)
04:42:57: 36_pedestrian_1-1-pt_1051 (76) connected from 4gBaseStation_2_2 (22) to 4gBaseStation_3_1 (23)
04:43:40: 1_pedestrian_1-1-pt_100 (41) connected from 4gBaseStation_4_2 (26) to 4gBaseStation_3_2 (24)
04:43:51: 36_pedestrian_1-1-pt_1051 (76) connected from 4gBaseStation_3_1 (23) to 4gBaseStation_3_2 (24)
04:44:04: 66_pedestrian_1-1-pt_1111 (106) connected from 4gBaseStation_3_1 (23) to 4gBaseStation_2_1 (21)
04:44:32: 66_pedestrian_1-1-pt_1111 (106) connected from 4gBaseStation_2_1 (21) to 4gBaseStation_2_2 (22)
04:45:04: 36_pedestrian_1-1-pt_1051 (76) connected from 4gBaseStation_3_2 (24) to 4gBaseStation_4_2 (26)
04:45:31: 2_pedestrian_1-1-pt_1003 (42) connected from 4gBaseStation_3_1 (23) to 4gBaseStation_2_1 (21)
04:46:17: 1_pedestrian_1-1-pt_100 (41) connected from 4gBaseStation_3_2 (24) to 4gBaseStation_3_1 (23)
04:46:52: 15_pedestrian_1-1-pt_1021 (55) connected from 4gBaseStation_4_3 (27) to 4gBaseStation_3_2 (24)
04:47:43: 36_pedestrian_1-1-pt_1051 (76) connected from 4gBaseStation_4_2 (26) to 4gBaseStation_4_3 (27)
04:49:16: 78_pedestrian_1-1-pt_1130 (118) connected from 4gBaseStation_3_1 (23) to 4gBaseStation_4_2 (26)
04:49:35: 1_pedestrian_1-1-pt_100 (41) connected from 4gBaseStation_3_1 (23) to 4gBaseStation_2_1 (21)
04:50:48: 36_pedestrian_1-1-pt_1051 (76) connected from 4gBaseStation_4_3 (27) to 4gBaseStation_5_1 (28)
04:51:23: 78_pedestrian_1-1-pt_1130 (118) connected from 4gBaseStation_4_2 (26) to 4gBaseStation_4_3 (27)
04:51:55: 97_pedestrian_1-1-pt_117 (137) connected from 4gBaseStation_3_1 (23) to 4gBaseStation_4_2 (26)
04:52:34: 78_pedestrian_1-1-pt_1130 (118) connected from 4gBaseStation_4_3 (27) to 4gBaseStation_5_1 (28)
04:53:39: 78_pedestrian_1-1-pt_1130 (118) connected from 4gBaseStation_5_1 (28) to 4gBaseStation_5_2 (29)
04:53:41: 97_pedestrian_1-1-pt_117 (137) connected from 4gBaseStation_4_2 (26) to 4gBaseStation_3_2 (24)
04:53:48: 15_pedestrian_1-1-pt_1021 (55) connected from 4gBaseStation_3_2 (24) to 4gBaseStation_3_1 (23)
04:54:06: 78_pedestrian_1-1-pt_1130 (118) connected from 4gBaseStation_5_2 (29) to 4gBaseStation_5_1 (28)
04:54:45: 97_pedestrian_1-1-pt_117 (137) connected from 4gBaseStation_3_2 (24) to 4gBaseStation_4_3 (27)
04:55:45: 15_pedestrian_1-1-pt_1021 (55) connected from 4gBaseStation_3_1 (23) to 4gBaseStation_2_1 (21)
04:56:08: 15_pedestrian_1-1-pt_1021 (55) connected from 4gBaseStation_2_1 (21) to 4gBaseStation_2_2 (22)
04:57:35: 11_pedestrian_1-1-pt_1018 (51) connected from 4gBaseStation_5_2 (29) to 4gBaseStation_4_3 (27)
04:58:42: 97_pedestrian_1-1-pt_117 (137) connected from 4gBaseStation_4_3 (27) to 4gBaseStation_5_2 (29)
05:01:04: 15_pedestrian_1-1-pt_1021 (55) connected from 4gBaseStation_2_2 (22) to 4gBaseStation_2_1 (21)
05:01:30: 20_pedestrian_1-1-pt_1027 (60) connected from 4gBaseStation_6_2 (31) to 4gBaseStation_5_2 (29)
05:01:42: 11_pedestrian_1-1-pt_1018 (51) connected from 4gBaseStation_4_3 (27) to 4gBaseStation_3_2 (24)
05:01:57: 71_pedestrian_1-1-pt_1122 (111) connected from 4gBaseStation_2_1 (21) to 4gBaseStation_2_2 (22)
05:01:59: 71_pedestrian_1-1-pt_1122 (111) connected from 4gBaseStation_2_2 (22) to 4gBaseStation_3_1 (23)
05:02:35: 38_pedestrian_1-1-pt_1053 (78) connected from 4gBaseStation_5_2 (29) to 4gBaseStation_5_1 (28)
05:02:45: 71_pedestrian_1-1-pt_1122 (111) connected from 4gBaseStation_3_1 (23) to 4gBaseStation_2_1 (21)
05:02:48: 84_pedestrian_1-1-pt_1140 (124) connected from 4gBaseStation_3_1 (23) to 4gBaseStation_4_2 (26)
05:06:40: 32_pedestrian_1-1-pt_1047 (72) connected from 4gBaseStation_2_2 (22) to 4gBaseStation_2_1 (21)
05:08:24: 72_pedestrian_1-1-pt_1123 (112) connected from 4gBaseStation_2_1 (21) to 4gBaseStation_3_1 (23)
05:10:57: 32_pedestrian_1-1-pt_1047 (72) connected from 4gBaseStation_2_1 (21) to 4gBaseStation_2_2 (22)
05:11:42: 32_pedestrian_1-1-pt_1047 (72) connected from 4gBaseStation_2_2 (22) to 4gBaseStation_3_1 (23)
05:12:04: 72_pedestrian_1-1-pt_1123 (112) connected from 4gBaseStation_3_1 (23) to 4gBaseStation_4_2 (26)
05:12:23: 84_pedestrian_1-1-pt_1140 (124) connected from 4gBaseStation_4_2 (26) to 4gBaseStation_4_3 (27)
05:12:29: 32_pedestrian_1-1-pt_1047 (72) connected from 4gBaseStation_3_1 (23) to 4gBaseStation_3_2 (24)
05:12:49: 11_pedestrian_1-1-pt_1018 (51) connected from 4gBaseStation_3_2 (24) to 4gBaseStation_3_1 (23)
05:13:26: 32_pedestrian_1-1-pt_1047 (72) connected from 4gBaseStation_3_2 (24) to 4gBaseStation_4_2 (26)
05:13:30: 84_pedestrian_1-1-pt_1140 (124) connected from 4gBaseStation_4_3 (27) to 4gBaseStation_5_1 (28)
05:13:39: 18_pedestrian_1-1-pt_1025 (58) connected from 4gBaseStation_2_2 (22) to 4gBaseStation_3_1 (23)
05:13:40: 33_pedestrian_1-1-pt_1048 (73) connected from 4gBaseStation_1_2 (20) to 4gBaseStation_2_1 (21)
05:14:27: 72_pedestrian_1-1-pt_1123 (112) connected from 4gBaseStation_4_2 (26) to 4gBaseStation_4_3 (27)
05:15:51: 72_pedestrian_1-1-pt_1123 (112) connected from 4gBaseStation_4_3 (27) to 4gBaseStation_5_1 (28)
05:17:03: 72_pedestrian_1-1-pt_1123 (112) connected from 4gBaseStation_5_1 (28) to 4gBaseStation_5_2 (29)
05:18:17: 33_pedestrian_1-1-pt_1048 (73) connected from 4gBaseStation_2_1 (21) to 4gBaseStation_2_2 (22)
05:19:35: 37_pedestrian_1-1-pt_1052 (77) connected from 4gBaseStation_1_2 (20) to 4gBaseStation_2_1 (21)
05:19:38: 32_pedestrian_1-1-pt_1047 (72) connected from 4gBaseStation_4_2 (26) to 4gBaseStation_4_3 (27)
05:19:45: 33_pedestrian_1-1-pt_1048 (73) connected from 4gBaseStation_2_2 (22) to 4gBaseStation_3_1 (23)
05:20:41: 21_pedestrian_1-1-pt_1028 (61) connected from 4gBaseStation_3_2 (24) to 4gBaseStation_3_1 (23)
05:21:12: 67_pedestrian_1-1-pt_1113 (107) connected from 4gBaseStation_3_1 (23) to 4gBaseStation_2_1 (21)
05:21:28: 75_pedestrian_1-1-pt_1126 (115) connected from 4gBaseStation_3_1 (23) to 4gBaseStation_2_1 (21)
05:21:53: 18_pedestrian_1-1-pt_1025 (58) connected from 4gBaseStation_3_1 (23) to 4gBaseStation_3_2 (24)
05:21:53: 33_pedestrian_1-1-pt_1048 (73) connected from 4gBaseStation_3_1 (23) to 4gBaseStation_3_2 (24)
05:22:45: 67_pedestrian_1-1-pt_1113 (107) connected from 4gBaseStation_2_1 (21) to 4gBaseStation_2_2 (22)
05:22:58: 58_pedestrian_1-1-pt_1097 (98) connected from 4gBaseStation_2_1 (21) to 4gBaseStation_3_1 (23)
05:23:04: 20_pedestrian_1-1-pt_1027 (60) connected from 4gBaseStation_5_2 (29) to 4gBaseStation_5_1 (28)
05:24:13: 18_pedestrian_1-1-pt_1025 (58) connected from 4gBaseStation_3_2 (24) to 4gBaseStation_4_2 (26)
05:24:13: 33_pedestrian_1-1-pt_1048 (73) connected from 4gBaseStation_3_2 (24) to 4gBaseStation_4_2 (26)
05:24:46: 20_pedestrian_1-1-pt_1027 (60) connected from 4gBaseStation_5_1 (28) to 4gBaseStation_4_3 (27)
05:25:18: 18_pedestrian_1-1-pt_1025 (58) connected from 4gBaseStation_4_2 (26) to 4gBaseStation_3_2 (24)
05:25:56: 20_pedestrian_1-1-pt_1027 (60) connected from 4gBaseStation_4_3 (27) to 4gBaseStation_4_2 (26)
05:26:18: 18_pedestrian_1-1-pt_1025 (58) connected from 4gBaseStation_3_2 (24) to 4gBaseStation_4_3 (27)
05:26:58: 89_pedestrian_1-1-pt_1150 (129) connected from 4gBaseStation_2_2 (22) to 4gBaseStation_2_1 (21)
05:27:30: 89_pedestrian_1-1-pt_1150 (129) connected from 4gBaseStation_2_1 (21) to 4gBaseStation_2_2 (22)
05:27:49: 32_pedestrian_1-1-pt_1047 (72) connected from 4gBaseStation_4_3 (27) to 4gBaseStation_5_1 (28)
05:28:15: 20_pedestrian_1-1-pt_1027 (60) connected from 4gBaseStation_4_2 (26) to 4gBaseStation_3_2 (24)
05:28:36: 49_pedestrian_1-1-pt_1076 (89) connected from 4gBaseStation_2_1 (21) to 4gBaseStation_3_1 (23)
05:29:20: 89_pedestrian_1-1-pt_1150 (129) connected from 4gBaseStation_2_2 (22) to 4gBaseStation_3_1 (23)
05:29:30: 33_pedestrian_1-1-pt_1048 (73) connected from 4gBaseStation_4_2 (26) to 4gBaseStation_4_3 (27)
05:29:40: 18_pedestrian_1-1-pt_1025 (58) connected from 4gBaseStation_4_3 (27) to 4gBaseStation_5_2 (29)
05:30:35: 75_pedestrian_1-1-pt_1126 (115) connected from 4gBaseStation_2_1 (21) to 4gBaseStation_1_2 (20)
05:30:47: 33_pedestrian_1-1-pt_1048 (73) connected from 4gBaseStation_4_3 (27) to 4gBaseStation_5_1 (28)
05:30:58: 20_pedestrian_1-1-pt_1027 (60) connected from 4gBaseStation_3_2 (24) to 4gBaseStation_3_1 (23)
05:31:14: 44_pedestrian_1-1-pt_1069 (84) connected from 4gBaseStation_3_2 (24) to 4gBaseStation_3_1 (23)
05:31:17: 85_pedestrian_1-1-pt_1141 (125) connected from 4gBaseStation_3_2 (24) to 4gBaseStation_3_1 (23)
05:31:22: 68_pedestrian_1-1-pt_1116 (108) connected from 4gBaseStation_5_1 (28) to 4gBaseStation_4_3 (27)
05:31:59: 33_pedestrian_1-1-pt_1048 (73) connected from 4gBaseStation_5_1 (28) to 4gBaseStation_5_2 (29)
05:32:49: 74_pedestrian_1-1-pt_1125 (114) connected from 4gBaseStation_4_3 (27) to 4gBaseStation_4_2 (26)
05:32:53: 55_pedestrian_1-1-pt_1089 (95) connected from 4gBaseStation_3_1 (23) to 4gBaseStation_2_1 (21)
05:34:29: 49_pedestrian_1-1-pt_1076 (89) connected from 4gBaseStation_3_1 (23) to 4gBaseStation_4_2 (26)
05:34:35: 46_pedestrian_1-1-pt_1072 (86) connected from 4gBaseStation_3_1 (23) to 4gBaseStation_4_2 (26)
05:34:42: 85_pedestrian_1-1-pt_1141 (125) connected from 4gBaseStation_3_1 (23) to 4gBaseStation_3_2 (24)
05:34:50: 55_pedestrian_1-1-pt_1089 (95) connected from 4gBaseStation_2_1 (21) to 4gBaseStation_2_2 (22)
05:35:47: 74_pedestrian_1-1-pt_1125 (114) connected from 4gBaseStation_4_2 (26) to 4gBaseStation_3_1 (23)
05:36:21: 85_pedestrian_1-1-pt_1141 (125) connected from 4gBaseStation_3_2 (24) to 4gBaseStation_4_3 (27)
05:38:10: 85_pedestrian_1-1-pt_1141 (125) connected from 4gBaseStation_4_3 (27) to 4gBaseStation_5_2 (29)
05:38:18: 41_pedestrian_1-1-pt_106 (81) connected from 4gBaseStation_3_1 (23) to 4gBaseStation_2_1 (21)
05:38:18: 44_pedestrian_1-1-pt_1069 (84) connected from 4gBaseStation_3_1 (23) to 4gBaseStation_2_1 (21)
05:38:18: 74_pedestrian_1-1-pt_1125 (114) connected from 4gBaseStation_3_1 (23) to 4gBaseStation_2_1 (21)
05:41:38: 41_pedestrian_1-1-pt_106 (81) connected from 4gBaseStation_2_1 (21) to 4gBaseStation_2_2 (22)
05:42:05: 5_pedestrian_1-1-pt_1008 (45) connected from 4gBaseStation_3_1 (23) to 4gBaseStation_2_1 (21)
05:42:39: 91_pedestrian_1-1-pt_1158 (131) connected from 4gBaseStation_3_1 (23) to 4gBaseStation_4_2 (26)
05:42:42: 17_pedestrian_1-1-pt_1024 (57) connected from 4gBaseStation_5_2 (29) to 4gBaseStation_4_3 (27)
05:45:42: 46_pedestrian_1-1-pt_1072 (86) connected from 4gBaseStation_4_2 (26) to 4gBaseStation_4_3 (27)
05:45:42: 91_pedestrian_1-1-pt_1158 (131) connected from 4gBaseStation_4_2 (26) to 4gBaseStation_4_3 (27)
05:46:33: 73_pedestrian_1-1-pt_1124 (113) connected from 4gBaseStation_2_1 (21) to 4gBaseStation_3_1 (23)
05:46:53: 91_pedestrian_1-1-pt_1158 (131) connected from 4gBaseStation_4_3 (27) to 4gBaseStation_5_1 (28)
05:46:54: 17_pedestrian_1-1-pt_1024 (57) connected from 4gBaseStation_4_3 (27) to 4gBaseStation_3_2 (24)
05:48:06: 91_pedestrian_1-1-pt_1158 (131) connected from 4gBaseStation_5_1 (28) to 4gBaseStation_5_2 (29)
05:49:16: 77_pedestrian_1-1-pt_113 (117) connected from 4gBaseStation_2_1 (21) to 4gBaseStation_3_1 (23)
05:49:34: 77_pedestrian_1-1-pt_113 (117) connected from 4gBaseStation_3_1 (23) to 4gBaseStation_2_1 (21)
05:49:46: 73_pedestrian_1-1-pt_1124 (113) connected from 4gBaseStation_3_1 (23) to 4gBaseStation_4_2 (26)
05:49:46: 77_pedestrian_1-1-pt_113 (117) connected from 4gBaseStation_2_1 (21) to 4gBaseStation_2_2 (22)
05:51:51: 54_pedestrian_1-1-pt_1088 (94) connected from 4gBaseStation_5_2 (29) to 4gBaseStation_5_1 (28)
05:52:24: 73_pedestrian_1-1-pt_1124 (113) connected from 4gBaseStation_4_2 (26) to 4gBaseStation_4_3 (27)
05:52:39: 54_pedestrian_1-1-pt_1088 (94) connected from 4gBaseStation_5_1 (28) to 4gBaseStation_4_3 (27)
05:53:31: 40_pedestrian_1-1-pt_1055 (80) connected from 4gBaseStation_2_2 (22) to 4gBaseStation_2_1 (21)
05:54:00: 17_pedestrian_1-1-pt_1024 (57) connected from 4gBaseStation_3_2 (24) to 4gBaseStation_3_1 (23)
05:54:41: 73_pedestrian_1-1-pt_1124 (113) connected from 4gBaseStation_4_3 (27) to 4gBaseStation_5_1 (28)
05:54:43: 73_pedestrian_1-1-pt_1124 (113) connected from 4gBaseStation_5_1 (28) to 4gBaseStation_5_2 (29)
05:55:54: 40_pedestrian_1-1-pt_1055 (80) connected from 4gBaseStation_2_1 (21) to 4gBaseStation_2_2 (22)
05:58:08: 17_pedestrian_1-1-pt_1024 (57) connected from 4gBaseStation_3_1 (23) to 4gBaseStation_2_1 (21)
05:59:29: 59_pedestrian_1-1-pt_1098 (99) connected from 4gBaseStation_1_2 (20) to 3gBaseStation_1_3 (5)
06:00:59: 40_pedestrian_1-1-pt_1055 (80) connected from 4gBaseStation_2_2 (22) to 4gBaseStation_3_1 (23)
06:02:32: 6_pedestrian_1-1-pt_1009 (46) connected from 4gBaseStation_3_1 (23) to 4gBaseStation_2_1 (21)
06:03:12: 40_pedestrian_1-1-pt_1055 (80) connected from 4gBaseStation_3_1 (23) to 4gBaseStation_3_2 (24)
06:04:35: 51_pedestrian_1-1-pt_1079 (91) connected from 4gBaseStation_5_2 (29) to 4gBaseStation_5_1 (28)
06:06:14: 83_pedestrian_1-1-pt_1139 (123) connected from 4gBaseStation_5_2 (29) to 4gBaseStation_5_1 (28)
06:07:01: 87_pedestrian_1-1-pt_1146 (127) connected from 4gBaseStation_2_2 (22) to 4gBaseStation_2_1 (21)
06:09:46: 51_pedestrian_1-1-pt_1079 (91) connected from 4gBaseStation_5_1 (28) to 4gBaseStation_4_3 (27)
06:09:46: 83_pedestrian_1-1-pt_1139 (123) connected from 4gBaseStation_5_1 (28) to 4gBaseStation_4_3 (27)
06:10:57: 51_pedestrian_1-1-pt_1079 (91) connected from 4gBaseStation_4_3 (27) to 4gBaseStation_4_2 (26)
06:10:57: 83_pedestrian_1-1-pt_1139 (123) connected from 4gBaseStation_4_3 (27) to 4gBaseStation_4_2 (26)
06:13:00: 51_pedestrian_1-1-pt_1079 (91) connected from 4gBaseStation_4_2 (26) to 4gBaseStation_3_2 (24)
06:13:05: 42_pedestrian_1-1-pt_1062 (82) connected from 4gBaseStation_2_1 (21) to 4gBaseStation_3_1 (23)
06:14:01: 83_pedestrian_1-1-pt_1139 (123) connected from 4gBaseStation_4_2 (26) to 4gBaseStation_3_2 (24)
06:15:06: 51_pedestrian_1-1-pt_1079 (91) connected from 4gBaseStation_3_2 (24) to 4gBaseStation_3_1 (23)
06:16:16: 83_pedestrian_1-1-pt_1139 (123) connected from 4gBaseStation_3_2 (24) to 4gBaseStation_3_1 (23)
06:18:17: 35_pedestrian_1-1-pt_105 (75) connected from 4gBaseStation_3_1 (23) to 4gBaseStation_2_1 (21)
06:19:33: 53_pedestrian_1-1-pt_1085 (93) connected from 4gBaseStation_2_2 (22) to 4gBaseStation_2_1 (21)
06:19:47: 83_pedestrian_1-1-pt_1139 (123) connected from 4gBaseStation_3_1 (23) to 4gBaseStation_2_1 (21)
06:20:52: 35_pedestrian_1-1-pt_105 (75) connected from 4gBaseStation_2_1 (21) to 4gBaseStation_1_1 (19)
06:28:29: 53_pedestrian_1-1-pt_1085 (93) connected from 4gBaseStation_2_1 (21) to 4gBaseStation_2_2 (22)
06:29:10: 53_pedestrian_1-1-pt_1085 (93) connected from 4gBaseStation_2_2 (22) to 4gBaseStation_3_1 (23)
06:30:11: 53_pedestrian_1-1-pt_1085 (93) connected from 4gBaseStation_3_1 (23) to 4gBaseStation_3_2 (24)
06:31:33: 53_pedestrian_1-1-pt_1085 (93) connected from 4gBaseStation_3_2 (24) to 4gBaseStation_4_2 (26)