3, 40, 5, 347,641, 34710,572
03:00:00: heart_attack_determiner0 from cloud (2) to 3gBaseStation_2_3 (8)
03:00:00: heart_attack_determiner1 from cloud (2) to 4gBaseStation_5_2 (29)
03:00:00: heart_attack_determiner11 from cloud (2) to 4gBaseStation_5_2 (29)
03:00:00: patient_state_analyzer13 from cloud (2) to 3gBaseStation_2_1 (6)
03:00:00: heart_attack_determiner13 from cloud (2) to 3gBaseStation_5_1 (17)
03:00:00: patient_state_analyzer14 from cloud (2) to 4gBaseStation_4_2 (26)
03:00:00: heart_attack_determiner14 from cloud (2) to 4gBaseStation_4_3 (27)
03:00:00: patient_state_analyzer15 from cloud (2) to 4gBaseStation_7_3 (36)
03:00:00: patient_state_analyzer16 from cloud (2) to 4gBaseStation_3_1 (23)
03:00:00: heart_attack_determiner16 from cloud (2) to 4gBaseStation_3_1 (23)
03:00:00: patient_state_analyzer17 from cloud (2) to 3gBaseStation_1_1 (3)
03:00:00: heart_attack_determiner17 from cloud (2) to 4gBaseStation_5_2 (29)
03:00:00: heart_attack_determiner20 from cloud (2) to 3gBaseStation_4_2 (13)
03:00:00: patient_state_analyzer21 from cloud (2) to 4gBaseStation_3_2 (24)
03:00:00: heart_attack_determiner21 from cloud (2) to 4gBaseStation_3_2 (24)
03:00:00: patient_state_analyzer23 from cloud (2) to 3gBaseStation_4_1 (12)
03:00:00: heart_attack_determiner23 from cloud (2) to 3gBaseStation_5_1 (17)
03:00:00: patient_state_analyzer24 from cloud (2) to 4gBaseStation_3_1 (23)
03:00:00: patient_state_analyzer25 from cloud (2) to 3gBaseStation_2_2 (7)
03:00:00: heart_attack_determiner25 from cloud (2) to 4gBaseStation_1_2 (20)
03:00:00: heart_attack_determiner26 from cloud (2) to 4gBaseStation_5_1 (28)
03:00:00: heart_attack_determiner27 from cloud (2) to 3gBaseStation_4_5 (16)
03:00:00: patient_state_analyzer27 from cloud (2) to 4gBaseStation_2_1 (21)
03:00:00: patient_state_analyzer28 from cloud (2) to 3gBaseStation_1_3 (5)
03:00:00: heart_attack_determiner28 from cloud (2) to 3gBaseStation_1_3 (5)
03:00:00: patient_state_analyzer29 from cloud (2) to 4gBaseStation_3_1 (23)
03:00:00: heart_attack_determiner29 from cloud (2) to 4gBaseStation_4_3 (27)
03:00:00: patient_state_analyzer3 from cloud (2) to 4gBaseStation_3_1 (23)
03:00:00: heart_attack_determiner3 from cloud (2) to 4gBaseStation_3_1 (23)
03:00:00: patient_state_analyzer30 from cloud (2) to 4gBaseStation_2_1 (21)
03:00:00: heart_attack_determiner30 from cloud (2) to 4gBaseStation_2_1 (21)
03:00:00: patient_state_analyzer31 from cloud (2) to 3gBaseStation_3_4 (18)
03:00:00: patient_state_analyzer32 from cloud (2) to 4gBaseStation_2_1 (21)
03:00:00: heart_attack_determiner32 from cloud (2) to 4gBaseStation_2_2 (22)
03:00:00: patient_state_analyzer33 from cloud (2) to 4gBaseStation_1_2 (20)
03:00:00: patient_state_analyzer35 from cloud (2) to 4gBaseStation_3_1 (23)
03:00:00: heart_attack_determiner35 from cloud (2) to 4gBaseStation_3_1 (23)
03:00:00: patient_state_analyzer36 from cloud (2) to 3gBaseStation_3_2 (10)
03:00:00: patient_state_analyzer37 from cloud (2) to 4gBaseStation_1_2 (20)
03:00:00: heart_attack_determiner37 from cloud (2) to 4gBaseStation_1_2 (20)
03:00:00: heart_attack_determiner38 from cloud (2) to 4gBaseStation_4_1 (25)
03:00:00: heart_attack_determiner39 from cloud (2) to 3gBaseStation_4_3 (14)
03:00:00: patient_state_analyzer39 from cloud (2) to 4gBaseStation_7_3 (36)
03:00:00: patient_state_analyzer4 from cloud (2) to 4gBaseStation_3_2 (24)
03:00:00: patient_state_analyzer41 from cloud (2) to 4gBaseStation_3_1 (23)
03:00:00: heart_attack_determiner41 from cloud (2) to 4gBaseStation_7_1 (34)
03:00:00: patient_state_analyzer43 from cloud (2) to 3gBaseStation_2_3 (8)
03:00:00: heart_attack_determiner44 from cloud (2) to 4gBaseStation_6_1 (30)
03:00:00: heart_attack_determiner45 from cloud (2) to 4gBaseStation_7_1 (34)
03:00:00: patient_state_analyzer46 from cloud (2) to 4gBaseStation_1_2 (20)
03:00:00: heart_attack_determiner46 from cloud (2) to 4gBaseStation_3_1 (23)
03:00:00: patient_state_analyzer47 from cloud (2) to 3gBaseStation_4_1 (12)
03:00:00: heart_attack_determiner47 from cloud (2) to 4gBaseStation_7_3 (36)
03:00:00: patient_state_analyzer5 from cloud (2) to 4gBaseStation_3_1 (23)
03:00:00: heart_attack_determiner5 from cloud (2) to 4gBaseStation_7_4 (37)
03:00:00: patient_state_analyzer50 from cloud (2) to 3gBaseStation_4_1 (12)
03:00:00: heart_attack_determiner51 from cloud (2) to 4gBaseStation_7_2 (35)
03:00:00: patient_state_analyzer51 from cloud (2) to 4gBaseStation_7_4 (37)
03:00:00: patient_state_analyzer53 from cloud (2) to 4gBaseStation_4_3 (27)
03:00:00: heart_attack_determiner54 from cloud (2) to 4gBaseStation_2_2 (22)
03:00:00: patient_state_analyzer54 from cloud (2) to 4gBaseStation_5_2 (29)
03:00:00: heart_attack_determiner55 from cloud (2) to 3gBaseStation_4_1 (12)
03:00:00: patient_state_analyzer55 from cloud (2) to 4gBaseStation_3_1 (23)
03:00:00: patient_state_analyzer57 from cloud (2) to 4gBaseStation_3_1 (23)
03:00:00: heart_attack_determiner57 from cloud (2) to 4gBaseStation_6_1 (30)
03:00:00: heart_attack_determiner58 from cloud (2) to 4gBaseStation_2_1 (21)
03:00:00: heart_attack_determiner59 from cloud (2) to 3gBaseStation_3_1 (9)
03:00:00: patient_state_analyzer6 from cloud (2) to 4gBaseStation_3_1 (23)
03:00:00: heart_attack_determiner6 from cloud (2) to 4gBaseStation_6_2 (31)
03:00:00: patient_state_analyzer62 from cloud (2) to 4gBaseStation_2_1 (21)
03:00:00: heart_attack_determiner62 from cloud (2) to 4gBaseStation_2_1 (21)
03:00:00: heart_attack_determiner63 from cloud (2) to 4gBaseStation_2_2 (22)
03:00:00: patient_state_analyzer64 from cloud (2) to 4gBaseStation_1_1 (19)
03:00:00: heart_attack_determiner64 from cloud (2) to 4gBaseStation_3_2 (24)
03:00:00: patient_state_analyzer65 from cloud (2) to 4gBaseStation_4_2 (26)
03:00:00: patient_state_analyzer67 from cloud (2) to 3gBaseStation_1_2 (4)
03:00:00: patient_state_analyzer68 from cloud (2) to 3gBaseStation_1_2 (4)
03:00:00: heart_attack_determiner69 from cloud (2) to 3gBaseStation_4_2 (13)
03:00:00: patient_state_analyzer69 from cloud (2) to 4gBaseStation_3_2 (24)
03:00:00: patient_state_analyzer7 from cloud (2) to 4gBaseStation_4_1 (25)
03:00:00: heart_attack_determiner7 from cloud (2) to 4gBaseStation_5_2 (29)
03:00:00: heart_attack_determiner70 from cloud (2) to 4gBaseStation_2_1 (21)
03:00:00: heart_attack_determiner71 from cloud (2) to 4gBaseStation_2_1 (21)
03:00:00: patient_state_analyzer71 from cloud (2) to 4gBaseStation_7_2 (35)
03:00:00: heart_attack_determiner73 from cloud (2) to 3gBaseStation_4_2 (13)
03:00:00: heart_attack_determiner74 from cloud (2) to 3gBaseStation_1_2 (4)
03:00:00: patient_state_analyzer74 from cloud (2) to 4gBaseStation_4_3 (27)
03:00:00: heart_attack_determiner76 from cloud (2) to 3gBaseStation_3_2 (10)
03:00:00: patient_state_analyzer76 from cloud (2) to 3gBaseStation_5_1 (17)
03:00:00: heart_attack_determiner78 from cloud (2) to 3gBaseStation_1_2 (4)
03:00:00: patient_state_analyzer78 from cloud (2) to 4gBaseStation_3_1 (23)
03:00:00: heart_attack_determiner79 from cloud (2) to 3gBaseStation_1_2 (4)
03:00:00: patient_state_analyzer79 from cloud (2) to 4gBaseStation_7_1 (34)
03:00:00: heart_attack_determiner80 from cloud (2) to 4gBaseStation_2_1 (21)
03:00:00: patient_state_analyzer80 from cloud (2) to 4gBaseStation_7_2 (35)
03:00:00: patient_state_analyzer81 from cloud (2) to 3gBaseStation_5_1 (17)
03:00:00: heart_attack_determiner82 from cloud (2) to 4gBaseStation_4_3 (27)
03:00:00: patient_state_analyzer82 from cloud (2) to 4gBaseStation_6_3 (32)
03:00:00: patient_state_analyzer84 from cloud (2) to 4gBaseStation_2_1 (21)
03:00:00: heart_attack_determiner84 from cloud (2) to 4gBaseStation_3_1 (23)
03:00:00: heart_attack_determiner85 from cloud (2) to 4gBaseStation_3_2 (24)
03:00:00: heart_attack_determiner86 from cloud (2) to 4gBaseStation_2_1 (21)
03:00:00: patient_state_analyzer86 from cloud (2) to 4gBaseStation_5_1 (28)
03:00:00: heart_attack_determiner87 from cloud (2) to 4gBaseStation_2_2 (22)
03:00:00: heart_attack_determiner88 from cloud (2) to 4gBaseStation_6_1 (30)
03:00:00: heart_attack_determiner89 from cloud (2) to 3gBaseStation_4_2 (13)
03:00:00: heart_attack_determiner9 from cloud (2) to 4gBaseStation_5_2 (29)
03:00:00: heart_attack_determiner90 from cloud (2) to 4gBaseStation_3_1 (23)
03:00:00: patient_state_analyzer92 from cloud (2) to 4gBaseStation_3_1 (23)
03:00:00: heart_attack_determiner92 from cloud (2) to 4gBaseStation_5_2 (29)
03:00:00: patient_state_analyzer93 from cloud (2) to 4gBaseStation_4_3 (27)
03:00:00: heart_attack_determiner93 from cloud (2) to 4gBaseStation_4_3 (27)
03:00:00: heart_attack_determiner94 from cloud (2) to 4gBaseStation_6_4 (33)
03:00:00: patient_state_analyzer95 from cloud (2) to 3gBaseStation_4_4 (15)
03:00:00: heart_attack_determiner95 from cloud (2) to 4gBaseStation_6_2 (31)
03:00:00: heart_attack_determiner96 from cloud (2) to 4gBaseStation_1_1 (19)
03:00:00: heart_attack_determiner98 from cloud (2) to 4gBaseStation_3_1 (23)
03:00:00: patient_state_analyzer98 from cloud (2) to 4gBaseStation_5_1 (28)
03:00:00: patient_state_analyzer99 from cloud (2) to 3gBaseStation_4_5 (16)
03:00:00: heart_attack_determiner99 from cloud (2) to 4gBaseStation_6_1 (30)
03:05:00: heart_attack_determiner0 from 3gBaseStation_2_3 (8) to cloud (2)
03:05:00: patient_state_analyzer1 from cloud (2) to 4gBaseStation_5_2 (29)
03:05:00: heart_attack_determiner1 from 4gBaseStation_5_2 (29) to 4gBaseStation_6_2 (31)
03:05:00: patient_state_analyzer13 from 3gBaseStation_2_1 (6) to 4gBaseStation_3_1 (23)
03:05:00: heart_attack_determiner13 from 3gBaseStation_5_1 (17) to 4gBaseStation_3_1 (23)
03:05:00: patient_state_analyzer14 from 4gBaseStation_4_2 (26) to cloud (2)
03:05:00: heart_attack_determiner14 from 4gBaseStation_4_3 (27) to 4gBaseStation_3_1 (23)
03:05:00: patient_state_analyzer3 from 4gBaseStation_3_1 (23) to cloud (2)
03:05:00: heart_attack_determiner3 from 4gBaseStation_3_1 (23) to cloud (2)
03:05:00: patient_state_analyzer4 from 4gBaseStation_3_2 (24) to 4gBaseStation_4_2 (26)
03:05:00: heart_attack_determiner4 from cloud (2) to 4gBaseStation_4_2 (26)
03:05:00: patient_state_analyzer5 from 4gBaseStation_3_1 (23) to cloud (2)
03:05:00: heart_attack_determiner5 from 4gBaseStation_7_4 (37) to cloud (2)
03:05:00: patient_state_analyzer6 from 4gBaseStation_3_1 (23) to cloud (2)
03:05:00: heart_attack_determiner6 from 4gBaseStation_6_2 (31) to cloud (2)
03:05:00: heart_attack_determiner7 from 4gBaseStation_5_2 (29) to 4gBaseStation_3_1 (23)
03:05:00: patient_state_analyzer7 from 4gBaseStation_4_1 (25) to 4gBaseStation_5_2 (29)
03:05:00: heart_attack_determiner8 from cloud (2) to 4gBaseStation_4_1 (25)
03:05:00: patient_state_analyzer8 from cloud (2) to 4gBaseStation_4_3 (27)
03:05:00: heart_attack_determiner9 from 4gBaseStation_5_2 (29) to cloud (2)
03:10:00: patient_state_analyzer15 from 4gBaseStation_7_3 (36) to cloud (2)
03:10:00: patient_state_analyzer16 from 4gBaseStation_3_1 (23) to cloud (2)
03:10:00: heart_attack_determiner16 from 4gBaseStation_3_1 (23) to cloud (2)
03:10:00: patient_state_analyzer17 from 3gBaseStation_1_1 (3) to 4gBaseStation_5_2 (29)
03:10:00: patient_state_analyzer18 from cloud (2) to 4gBaseStation_2_2 (22)
03:10:00: heart_attack_determiner18 from cloud (2) to 4gBaseStation_2_2 (22)
03:10:00: patient_state_analyzer19 from cloud (2) to 4gBaseStation_2_1 (21)
03:10:00: heart_attack_determiner19 from cloud (2) to 4gBaseStation_2_1 (21)
03:10:00: patient_state_analyzer20 from cloud (2) to 4gBaseStation_6_2 (31)
03:10:00: heart_attack_determiner20 from 3gBaseStation_4_2 (13) to 4gBaseStation_6_2 (31)
03:10:00: heart_attack_determiner23 from 3gBaseStation_5_1 (17) to 4gBaseStation_5_2 (29)
03:10:00: patient_state_analyzer23 from 3gBaseStation_4_1 (12) to 4gBaseStation_6_3 (32)
03:10:00: heart_attack_determiner24 from cloud (2) to 4gBaseStation_3_1 (23)
03:10:00: patient_state_analyzer25 from 3gBaseStation_2_2 (7) to cloud (2)
03:10:00: heart_attack_determiner25 from 4gBaseStation_1_2 (20) to cloud (2)
03:10:00: patient_state_analyzer26 from cloud (2) to 4gBaseStation_1_2 (20)
03:10:00: heart_attack_determiner26 from 4gBaseStation_5_1 (28) to 4gBaseStation_1_2 (20)
03:10:00: patient_state_analyzer27 from 4gBaseStation_2_1 (21) to cloud (2)
03:10:00: heart_attack_determiner27 from 3gBaseStation_4_5 (16) to 4gBaseStation_2_1 (21)
03:10:00: patient_state_analyzer29 from 4gBaseStation_3_1 (23) to cloud (2)
03:10:00: heart_attack_determiner29 from 4gBaseStation_4_3 (27) to cloud (2)
03:15:00: patient_state_analyzer30 from 4gBaseStation_2_1 (21) to cloud (2)
03:15:00: heart_attack_determiner30 from 4gBaseStation_2_1 (21) to cloud (2)
03:15:00: patient_state_analyzer31 from 3gBaseStation_3_4 (18) to cloud (2)
03:15:00: patient_state_analyzer32 from 4gBaseStation_2_1 (21) to 4gBaseStation_2_2 (22)
03:15:00: patient_state_analyzer33 from 4gBaseStation_1_2 (20) to cloud (2)
03:15:00: patient_state_analyzer34 from cloud (2) to 4gBaseStation_5_2 (29)
03:15:00: heart_attack_determiner34 from cloud (2) to 4gBaseStation_5_2 (29)
03:15:00: patient_state_analyzer36 from 3gBaseStation_3_2 (10) to cloud (2)
03:15:00: patient_state_analyzer37 from 4gBaseStation_1_2 (20) to cloud (2)
03:15:00: heart_attack_determiner37 from 4gBaseStation_1_2 (20) to cloud (2)
03:15:00: patient_state_analyzer38 from cloud (2) to 4gBaseStation_5_2 (29)
03:15:00: heart_attack_determiner38 from 4gBaseStation_4_1 (25) to 4gBaseStation_5_2 (29)
03:15:00: patient_state_analyzer39 from 4gBaseStation_7_3 (36) to cloud (2)
03:15:00: heart_attack_determiner39 from 3gBaseStation_4_3 (14) to cloud (2)
03:15:00: heart_attack_determiner40 from cloud (2) to 3gBaseStation_4_1 (12)
03:15:00: patient_state_analyzer40 from cloud (2) to 4gBaseStation_2_2 (22)
03:15:00: heart_attack_determiner41 from 4gBaseStation_7_1 (34) to 4gBaseStation_3_1 (23)
03:15:00: patient_state_analyzer41 from 4gBaseStation_3_1 (23) to 4gBaseStation_4_3 (27)
03:15:00: patient_state_analyzer43 from 3gBaseStation_2_3 (8) to cloud (2)
03:15:00: heart_attack_determiner44 from 4gBaseStation_6_1 (30) to cloud (2)
03:20:00: patient_state_analyzer45 from cloud (2) to 4gBaseStation_2_1 (21)
03:20:00: heart_attack_determiner45 from 4gBaseStation_7_1 (34) to 4gBaseStation_2_1 (21)
03:20:00: patient_state_analyzer46 from 4gBaseStation_1_2 (20) to cloud (2)
03:20:00: heart_attack_determiner46 from 4gBaseStation_3_1 (23) to cloud (2)
03:20:00: patient_state_analyzer47 from 3gBaseStation_4_1 (12) to cloud (2)
03:20:00: heart_attack_determiner47 from 4gBaseStation_7_3 (36) to cloud (2)
03:20:00: patient_state_analyzer50 from 3gBaseStation_4_1 (12) to 4gBaseStation_3_1 (23)
03:20:00: heart_attack_determiner50 from cloud (2) to 4gBaseStation_3_1 (23)
03:20:00: patient_state_analyzer51 from 4gBaseStation_7_4 (37) to cloud (2)
03:20:00: heart_attack_determiner51 from 4gBaseStation_7_2 (35) to cloud (2)
03:20:00: patient_state_analyzer52 from cloud (2) to 4gBaseStation_2_1 (21)
03:20:00: heart_attack_determiner52 from cloud (2) to 4gBaseStation_2_1 (21)
03:20:00: patient_state_analyzer53 from 4gBaseStation_4_3 (27) to 4gBaseStation_2_2 (22)
03:20:00: heart_attack_determiner53 from cloud (2) to 4gBaseStation_2_2 (22)
03:20:00: patient_state_analyzer54 from 4gBaseStation_5_2 (29) to cloud (2)
03:20:00: heart_attack_determiner54 from 4gBaseStation_2_2 (22) to cloud (2)
03:20:00: heart_attack_determiner55 from 3gBaseStation_4_1 (12) to 4gBaseStation_3_1 (23)
03:20:00: patient_state_analyzer56 from cloud (2) to 4gBaseStation_5_2 (29)
03:20:00: heart_attack_determiner56 from cloud (2) to 4gBaseStation_5_2 (29)
03:20:00: heart_attack_determiner57 from 4gBaseStation_6_1 (30) to 4gBaseStation_3_1 (23)
03:20:00: heart_attack_determiner58 from 4gBaseStation_2_1 (21) to cloud (2)
03:20:00: patient_state_analyzer59 from cloud (2) to 3gBaseStation_2_3 (8)
03:20:00: heart_attack_determiner59 from 3gBaseStation_3_1 (9) to 4gBaseStation_1_2 (20)
03:25:00: patient_state_analyzer60 from cloud (2) to 4gBaseStation_6_4 (33)
03:25:00: heart_attack_determiner60 from cloud (2) to 4gBaseStation_6_4 (33)
03:25:00: patient_state_analyzer61 from cloud (2) to 3gBaseStation_2_2 (7)
03:25:00: heart_attack_determiner61 from cloud (2) to 4gBaseStation_4_2 (26)
03:25:00: patient_state_analyzer62 from 4gBaseStation_2_1 (21) to 4gBaseStation_7_1 (34)
03:25:00: heart_attack_determiner63 from 4gBaseStation_2_2 (22) to cloud (2)
03:25:00: heart_attack_determiner64 from 4gBaseStation_3_2 (24) to 3gBaseStation_2_2 (7)
03:25:00: patient_state_analyzer64 from 4gBaseStation_1_1 (19) to 4gBaseStation_3_1 (23)
03:25:00: heart_attack_determiner65 from cloud (2) to 3gBaseStation_4_1 (12)
03:25:00: patient_state_analyzer65 from 4gBaseStation_4_2 (26) to 4gBaseStation_3_1 (23)
03:25:00: patient_state_analyzer67 from 3gBaseStation_1_2 (4) to cloud (2)
03:25:00: patient_state_analyzer68 from 3gBaseStation_1_2 (4) to cloud (2)
03:25:00: patient_state_analyzer69 from 4gBaseStation_3_2 (24) to cloud (2)
03:25:00: heart_attack_determiner69 from 3gBaseStation_4_2 (13) to cloud (2)
03:25:00: patient_state_analyzer70 from cloud (2) to 4gBaseStation_2_1 (21)
03:25:00: patient_state_analyzer71 from 4gBaseStation_7_2 (35) to cloud (2)
03:25:00: heart_attack_determiner71 from 4gBaseStation_2_1 (21) to cloud (2)
03:25:00: heart_attack_determiner72 from cloud (2) to 3gBaseStation_1_1 (3)
03:25:00: heart_attack_determiner73 from 3gBaseStation_4_2 (13) to 3gBaseStation_5_1 (17)
03:25:00: patient_state_analyzer73 from cloud (2) to 4gBaseStation_2_1 (21)
03:25:00: patient_state_analyzer74 from 4gBaseStation_4_3 (27) to cloud (2)
03:25:00: heart_attack_determiner74 from 3gBaseStation_1_2 (4) to 4gBaseStation_6_3 (32)
03:30:00: patient_state_analyzer76 from 3gBaseStation_5_1 (17) to 4gBaseStation_5_1 (28)
03:30:00: heart_attack_determiner76 from 3gBaseStation_3_2 (10) to 4gBaseStation_5_1 (28)
03:30:00: patient_state_analyzer77 from cloud (2) to 4gBaseStation_2_1 (21)
03:30:00: heart_attack_determiner77 from cloud (2) to 4gBaseStation_2_1 (21)
03:30:00: patient_state_analyzer78 from 4gBaseStation_3_1 (23) to cloud (2)
03:30:00: heart_attack_determiner78 from 3gBaseStation_1_2 (4) to 4gBaseStation_3_1 (23)
03:30:00: patient_state_analyzer79 from 4gBaseStation_7_1 (34) to cloud (2)
03:30:00: heart_attack_determiner79 from 3gBaseStation_1_2 (4) to cloud (2)
03:30:00: patient_state_analyzer80 from 4gBaseStation_7_2 (35) to 4gBaseStation_4_2 (26)
03:30:00: heart_attack_determiner80 from 4gBaseStation_2_1 (21) to 4gBaseStation_4_2 (26)
03:30:00: patient_state_analyzer81 from 3gBaseStation_5_1 (17) to cloud (2)
03:30:00: patient_state_analyzer82 from 4gBaseStation_6_3 (32) to cloud (2)
03:30:00: heart_attack_determiner82 from 4gBaseStation_4_3 (27) to cloud (2)
03:30:00: patient_state_analyzer83 from cloud (2) to 4gBaseStation_5_2 (29)
03:30:00: heart_attack_determiner83 from cloud (2) to 4gBaseStation_5_2 (29)
03:30:00: patient_state_analyzer84 from 4gBaseStation_2_1 (21) to 4gBaseStation_3_1 (23)
03:30:00: patient_state_analyzer85 from cloud (2) to 4gBaseStation_3_2 (24)
03:30:00: patient_state_analyzer86 from 4gBaseStation_5_1 (28) to cloud (2)
03:30:00: heart_attack_determiner86 from 4gBaseStation_2_1 (21) to cloud (2)
03:30:00: heart_attack_determiner87 from 4gBaseStation_2_2 (22) to cloud (2)
03:30:00: heart_attack_determiner88 from 4gBaseStation_6_1 (30) to cloud (2)
03:30:00: heart_attack_determiner89 from 3gBaseStation_4_2 (13) to 4gBaseStation_2_2 (22)
03:30:00: patient_state_analyzer89 from cloud (2) to 4gBaseStation_5_2 (29)
03:35:00: patient_state_analyzer90 from cloud (2) to 4gBaseStation_6_4 (33)
03:35:00: patient_state_analyzer92 from 4gBaseStation_3_1 (23) to cloud (2)
03:35:00: heart_attack_determiner92 from 4gBaseStation_5_2 (29) to cloud (2)
03:35:00: patient_state_analyzer93 from 4gBaseStation_4_3 (27) to cloud (2)
03:35:00: heart_attack_determiner93 from 4gBaseStation_4_3 (27) to cloud (2)
03:35:00: patient_state_analyzer94 from cloud (2) to 4gBaseStation_3_1 (23)
03:35:00: heart_attack_determiner94 from 4gBaseStation_6_4 (33) to 4gBaseStation_3_1 (23)
03:35:00: patient_state_analyzer95 from 3gBaseStation_4_4 (15) to 4gBaseStation_2_2 (22)
03:35:00: heart_attack_determiner95 from 4gBaseStation_6_2 (31) to 4gBaseStation_2_2 (22)
03:35:00: heart_attack_determiner96 from 4gBaseStation_1_1 (19) to cloud (2)
03:35:00: patient_state_analyzer97 from cloud (2) to 4gBaseStation_3_1 (23)
03:35:00: heart_attack_determiner97 from cloud (2) to 4gBaseStation_3_1 (23)
03:35:00: patient_state_analyzer98 from 4gBaseStation_5_1 (28) to cloud (2)
03:35:00: heart_attack_determiner98 from 4gBaseStation_3_1 (23) to cloud (2)
03:35:00: patient_state_analyzer99 from 3gBaseStation_4_5 (16) to cloud (2)
03:35:00: heart_attack_determiner99 from 4gBaseStation_6_1 (30) to cloud (2)
03:40:00: patient_state_analyzer0 from cloud (2) to 3gBaseStation_1_3 (5)
03:40:00: heart_attack_determiner0 from cloud (2) to 3gBaseStation_1_3 (5)
03:40:00: patient_state_analyzer1 from 4gBaseStation_5_2 (29) to cloud (2)
03:40:00: heart_attack_determiner1 from 4gBaseStation_6_2 (31) to cloud (2)
03:40:00: heart_attack_determiner10 from cloud (2) to 3gBaseStation_4_4 (15)
03:40:00: patient_state_analyzer10 from cloud (2) to 4gBaseStation_6_3 (32)
03:40:00: heart_attack_determiner11 from 4gBaseStation_5_2 (29) to 4gBaseStation_6_3 (32)
03:40:00: patient_state_analyzer14 from cloud (2) to 4gBaseStation_3_1 (23)
03:40:00: heart_attack_determiner14 from 4gBaseStation_3_1 (23) to 4gBaseStation_4_1 (25)
03:40:00: patient_state_analyzer2 from cloud (2) to 3gBaseStation_3_1 (9)
03:40:00: heart_attack_determiner2 from cloud (2) to 4gBaseStation_4_2 (26)
03:40:00: patient_state_analyzer4 from 4gBaseStation_4_2 (26) to cloud (2)
03:40:00: heart_attack_determiner4 from 4gBaseStation_4_2 (26) to 4gBaseStation_6_3 (32)
03:40:00: heart_attack_determiner7 from 4gBaseStation_3_1 (23) to 4gBaseStation_5_2 (29)
03:40:00: patient_state_analyzer8 from 4gBaseStation_4_3 (27) to 4gBaseStation_5_1 (28)
03:40:00: heart_attack_determiner8 from 4gBaseStation_4_1 (25) to 4gBaseStation_5_1 (28)
03:45:00: patient_state_analyzer16 from cloud (2) to 4gBaseStation_5_1 (28)
03:45:00: heart_attack_determiner16 from cloud (2) to 4gBaseStation_5_1 (28)
03:45:00: patient_state_analyzer17 from 4gBaseStation_5_2 (29) to cloud (2)
03:45:00: patient_state_analyzer18 from 4gBaseStation_2_2 (22) to cloud (2)
03:45:00: heart_attack_determiner18 from 4gBaseStation_2_2 (22) to cloud (2)
03:45:00: patient_state_analyzer19 from 4gBaseStation_2_1 (21) to 4gBaseStation_4_2 (26)
03:45:00: heart_attack_determiner19 from 4gBaseStation_2_1 (21) to 4gBaseStation_4_2 (26)
03:45:00: patient_state_analyzer20 from 4gBaseStation_6_2 (31) to cloud (2)
03:45:00: heart_attack_determiner20 from 4gBaseStation_6_2 (31) to cloud (2)
03:45:00: patient_state_analyzer22 from cloud (2) to 4gBaseStation_2_2 (22)
03:45:00: heart_attack_determiner22 from cloud (2) to 4gBaseStation_2_2 (22)
03:45:00: patient_state_analyzer23 from 4gBaseStation_6_3 (32) to cloud (2)
03:45:00: heart_attack_determiner23 from 4gBaseStation_5_2 (29) to cloud (2)
03:45:00: patient_state_analyzer24 from 4gBaseStation_3_1 (23) to cloud (2)
03:45:00: heart_attack_determiner24 from 4gBaseStation_3_1 (23) to cloud (2)
03:45:00: patient_state_analyzer25 from cloud (2) to 4gBaseStation_2_2 (22)
03:45:00: heart_attack_determiner25 from cloud (2) to 4gBaseStation_2_2 (22)
03:45:00: patient_state_analyzer26 from 4gBaseStation_1_2 (20) to 4gBaseStation_5_1 (28)
03:45:00: heart_attack_determiner26 from 4gBaseStation_1_2 (20) to 4gBaseStation_5_1 (28)
03:45:00: heart_attack_determiner27 from 4gBaseStation_2_1 (21) to cloud (2)
03:45:00: patient_state_analyzer28 from 3gBaseStation_1_3 (5) to 4gBaseStation_3_1 (23)
03:45:00: heart_attack_determiner28 from 3gBaseStation_1_3 (5) to 4gBaseStation_3_1 (23)
03:45:00: patient_state_analyzer29 from cloud (2) to 4gBaseStation_4_2 (26)
03:45:00: heart_attack_determiner29 from cloud (2) to 4gBaseStation_4_2 (26)
04:00:00: patient_state_analyzer60 from 4gBaseStation_6_4 (33) to 3gBaseStation_1_3 (5)
04:00:00: heart_attack_determiner60 from 4gBaseStation_6_4 (33) to 3gBaseStation_1_3 (5)
04:00:00: patient_state_analyzer61 from 3gBaseStation_2_2 (7) to 4gBaseStation_2_1 (21)
04:00:00: heart_attack_determiner61 from 4gBaseStation_4_2 (26) to 4gBaseStation_2_1 (21)
04:00:00: patient_state_analyzer62 from 4gBaseStation_7_1 (34) to 4gBaseStation_2_1 (21)
04:00:00: heart_attack_determiner63 from cloud (2) to 4gBaseStation_2_1 (21)
04:00:00: patient_state_analyzer64 from 4gBaseStation_3_1 (23) to cloud (2)
04:00:00: heart_attack_determiner64 from 3gBaseStation_2_2 (7) to cloud (2)
04:00:00: patient_state_analyzer65 from 4gBaseStation_3_1 (23) to 4gBaseStation_2_1 (21)
04:00:00: heart_attack_determiner65 from 3gBaseStation_4_1 (12) to 4gBaseStation_2_1 (21)
04:00:00: patient_state_analyzer67 from cloud (2) to 4gBaseStation_3_1 (23)
04:00:00: heart_attack_determiner67 from cloud (2) to 4gBaseStation_3_1 (23)
04:00:00: patient_state_analyzer68 from cloud (2) to 4gBaseStation_5_1 (28)
04:00:00: heart_attack_determiner68 from cloud (2) to 4gBaseStation_5_1 (28)
04:00:00: patient_state_analyzer69 from cloud (2) to 4gBaseStation_3_2 (24)
04:00:00: heart_attack_determiner69 from cloud (2) to 4gBaseStation_3_2 (24)
04:00:00: patient_state_analyzer70 from 4gBaseStation_2_1 (21) to cloud (2)
04:00:00: heart_attack_determiner70 from 4gBaseStation_2_1 (21) to cloud (2)
04:00:00: patient_state_analyzer71 from cloud (2) to 4gBaseStation_2_1 (21)
04:00:00: heart_attack_determiner71 from cloud (2) to 4gBaseStation_2_1 (21)
04:00:00: heart_attack_determiner72 from 3gBaseStation_1_1 (3) to cloud (2)
04:00:00: patient_state_analyzer73 from 4gBaseStation_2_1 (21) to cloud (2)
04:00:00: heart_attack_determiner73 from 3gBaseStation_5_1 (17) to cloud (2)
04:00:00: heart_attack_determiner74 from 4gBaseStation_6_3 (32) to cloud (2)
04:05:00: heart_attack_determiner78 from 4gBaseStation_3_1 (23) to cloud (2)
04:05:00: heart_attack_determiner79 from cloud (2) to 4gBaseStation_4_3 (27)
04:05:00: patient_state_analyzer79 from cloud (2) to 4gBaseStation_5_1 (28)
04:05:00: patient_state_analyzer80 from 4gBaseStation_4_2 (26) to 4gBaseStation_5_1 (28)
04:05:00: heart_attack_determiner80 from 4gBaseStation_4_2 (26) to 4gBaseStation_5_1 (28)
04:05:00: patient_state_analyzer81 from cloud (2) to 4gBaseStation_3_1 (23)
04:05:00: heart_attack_determiner81 from cloud (2) to 4gBaseStation_3_1 (23)
04:05:00: patient_state_analyzer83 from 4gBaseStation_5_2 (29) to cloud (2)
04:05:00: heart_attack_determiner83 from 4gBaseStation_5_2 (29) to cloud (2)
04:05:00: patient_state_analyzer84 from 4gBaseStation_3_1 (23) to cloud (2)
04:05:00: heart_attack_determiner84 from 4gBaseStation_3_1 (23) to cloud (2)
04:05:00: patient_state_analyzer88 from cloud (2) to 4gBaseStation_5_2 (29)
04:05:00: heart_attack_determiner88 from cloud (2) to 4gBaseStation_5_2 (29)
04:05:00: patient_state_analyzer89 from 4gBaseStation_5_2 (29) to 4gBaseStation_2_2 (22)
04:10:00: patient_state_analyzer90 from 4gBaseStation_6_4 (33) to cloud (2)
04:10:00: heart_attack_determiner90 from 4gBaseStation_3_1 (23) to cloud (2)
04:10:00: patient_state_analyzer91 from cloud (2) to 4gBaseStation_3_1 (23)
04:10:00: heart_attack_determiner91 from cloud (2) to 4gBaseStation_3_1 (23)
04:10:00: patient_state_analyzer93 from cloud (2) to 4gBaseStation_4_3 (27)
04:10:00: heart_attack_determiner93 from cloud (2) to 4gBaseStation_6_3 (32)
04:10:00: patient_state_analyzer97 from 4gBaseStation_3_1 (23) to cloud (2)
04:10:00: heart_attack_determiner97 from 4gBaseStation_3_1 (23) to cloud (2)
04:10:00: patient_state_analyzer98 from cloud (2) to 4gBaseStation_3_1 (23)
04:10:00: heart_attack_determiner98 from cloud (2) to 4gBaseStation_3_1 (23)
04:10:00: patient_state_analyzer99 from cloud (2) to 4gBaseStation_3_2 (24)
04:10:00: heart_attack_determiner99 from cloud (2) to 4gBaseStation_3_2 (24)
04:15:00: patient_state_analyzer10 from 4gBaseStation_6_3 (32) to 4gBaseStation_5_2 (29)
04:15:00: heart_attack_determiner10 from 3gBaseStation_4_4 (15) to 4gBaseStation_5_2 (29)
04:15:00: heart_attack_determiner11 from 4gBaseStation_6_3 (32) to cloud (2)
04:15:00: heart_attack_determiner14 from 4gBaseStation_4_1 (25) to 4gBaseStation_3_1 (23)
04:15:00: patient_state_analyzer2 from 3gBaseStation_3_1 (9) to cloud (2)
04:15:00: heart_attack_determiner2 from 4gBaseStation_4_2 (26) to cloud (2)
04:15:00: patient_state_analyzer4 from cloud (2) to 4gBaseStation_4_2 (26)
04:15:00: heart_attack_determiner4 from 4gBaseStation_6_3 (32) to 4gBaseStation_4_2 (26)
04:15:00: patient_state_analyzer6 from cloud (2) to 4gBaseStation_3_1 (23)
04:15:00: heart_attack_determiner6 from cloud (2) to 4gBaseStation_3_1 (23)
04:15:00: heart_attack_determiner7 from 4gBaseStation_5_2 (29) to 4gBaseStation_1_2 (20)
04:15:00: patient_state_analyzer7 from 4gBaseStation_5_2 (29) to 4gBaseStation_4_3 (27)
04:30:00: patient_state_analyzer45 from 4gBaseStation_2_1 (21) to cloud (2)
04:30:00: heart_attack_determiner45 from 4gBaseStation_2_1 (21) to cloud (2)
04:30:00: heart_attack_determiner49 from cloud (2) to 4gBaseStation_2_1 (21)
04:30:00: patient_state_analyzer50 from 4gBaseStation_3_1 (23) to 4gBaseStation_1_2 (20)
04:30:00: heart_attack_determiner50 from 4gBaseStation_3_1 (23) to 4gBaseStation_1_2 (20)
04:30:00: patient_state_analyzer51 from cloud (2) to 4gBaseStation_5_2 (29)
04:30:00: heart_attack_determiner51 from cloud (2) to 4gBaseStation_5_2 (29)
04:30:00: patient_state_analyzer52 from 4gBaseStation_2_1 (21) to cloud (2)
04:30:00: heart_attack_determiner52 from 4gBaseStation_2_1 (21) to cloud (2)
04:30:00: patient_state_analyzer56 from 4gBaseStation_5_2 (29) to cloud (2)
04:30:00: heart_attack_determiner56 from 4gBaseStation_5_2 (29) to cloud (2)
04:30:00: patient_state_analyzer59 from 3gBaseStation_2_3 (8) to 4gBaseStation_1_2 (20)
04:45:00: patient_state_analyzer93 from 4gBaseStation_4_3 (27) to 3gBaseStation_4_5 (16)
04:45:00: heart_attack_determiner93 from 4gBaseStation_6_3 (32) to 4gBaseStation_2_2 (22)
04:45:00: patient_state_analyzer94 from 4gBaseStation_3_1 (23) to cloud (2)
04:45:00: heart_attack_determiner94 from 4gBaseStation_3_1 (23) to cloud (2)
04:45:00: patient_state_analyzer96 from cloud (2) to 4gBaseStation_3_1 (23)
04:45:00: heart_attack_determiner96 from cloud (2) to 4gBaseStation_3_1 (23)
04:45:00: patient_state_analyzer97 from cloud (2) to 4gBaseStation_3_1 (23)
04:45:00: heart_attack_determiner97 from cloud (2) to 4gBaseStation_3_1 (23)
04:45:00: patient_state_analyzer98 from 4gBaseStation_3_1 (23) to cloud (2)
04:45:00: heart_attack_determiner98 from 4gBaseStation_3_1 (23) to cloud (2)
04:45:00: patient_state_analyzer99 from 4gBaseStation_3_2 (24) to 4gBaseStation_3_1 (23)
04:45:00: heart_attack_determiner99 from 4gBaseStation_3_2 (24) to 4gBaseStation_3_1 (23)
05:00:00: patient_state_analyzer31 from cloud (2) to 4gBaseStation_2_1 (21)
05:00:00: heart_attack_determiner31 from cloud (2) to 4gBaseStation_2_1 (21)
05:00:00: patient_state_analyzer32 from 4gBaseStation_2_2 (22) to cloud (2)
05:00:00: heart_attack_determiner32 from 4gBaseStation_2_2 (22) to cloud (2)
05:00:00: patient_state_analyzer34 from 4gBaseStation_5_2 (29) to cloud (2)
05:00:00: heart_attack_determiner34 from 4gBaseStation_5_2 (29) to cloud (2)
05:00:00: patient_state_analyzer35 from 4gBaseStation_3_1 (23) to cloud (2)
05:00:00: heart_attack_determiner35 from 4gBaseStation_3_1 (23) to cloud (2)
05:00:00: heart_attack_determiner37 from cloud (2) to 4gBaseStation_1_2 (20)
05:00:00: patient_state_analyzer39 from cloud (2) to 4gBaseStation_3_1 (23)
05:00:00: heart_attack_determiner39 from cloud (2) to 4gBaseStation_3_1 (23)
05:00:00: heart_attack_determiner40 from 3gBaseStation_4_1 (12) to 4gBaseStation_2_2 (22)
05:00:00: patient_state_analyzer41 from 4gBaseStation_4_3 (27) to 4gBaseStation_3_1 (23)
05:00:00: heart_attack_determiner42 from cloud (2) to 4gBaseStation_7_4 (37)
05:00:00: patient_state_analyzer43 from cloud (2) to 4gBaseStation_3_1 (23)
05:00:00: heart_attack_determiner43 from cloud (2) to 4gBaseStation_3_1 (23)
05:00:00: patient_state_analyzer44 from cloud (2) to 4gBaseStation_3_2 (24)
05:00:00: heart_attack_determiner44 from cloud (2) to 4gBaseStation_3_2 (24)
05:20:00: patient_state_analyzer93 from 3gBaseStation_4_5 (16) to 4gBaseStation_2_2 (22)
05:20:00: patient_state_analyzer94 from cloud (2) to 4gBaseStation_3_1 (23)
05:20:00: heart_attack_determiner94 from cloud (2) to 4gBaseStation_3_1 (23)
05:20:00: patient_state_analyzer95 from 4gBaseStation_2_2 (22) to cloud (2)
05:20:00: heart_attack_determiner95 from 4gBaseStation_2_2 (22) to cloud (2)
05:20:00: patient_state_analyzer96 from 4gBaseStation_3_1 (23) to cloud (2)
05:20:00: heart_attack_determiner96 from 4gBaseStation_3_1 (23) to cloud (2)
05:20:00: patient_state_analyzer97 from 4gBaseStation_3_1 (23) to 4gBaseStation_5_2 (29)
05:20:00: heart_attack_determiner97 from 4gBaseStation_3_1 (23) to 4gBaseStation_5_2 (29)
05:30:00: patient_state_analyzer15 from cloud (2) to 4gBaseStation_2_1 (21)
05:30:00: heart_attack_determiner15 from cloud (2) to 4gBaseStation_2_1 (21)
05:30:00: patient_state_analyzer16 from 4gBaseStation_5_1 (28) to cloud (2)
05:30:00: heart_attack_determiner16 from 4gBaseStation_5_1 (28) to cloud (2)
05:30:00: patient_state_analyzer17 from cloud (2) to 4gBaseStation_7_4 (37)
05:30:00: patient_state_analyzer19 from 4gBaseStation_4_2 (26) to cloud (2)
05:30:00: heart_attack_determiner19 from 4gBaseStation_4_2 (26) to cloud (2)
05:30:00: patient_state_analyzer20 from cloud (2) to 4gBaseStation_3_2 (24)
05:30:00: heart_attack_determiner20 from cloud (2) to 4gBaseStation_3_2 (24)
05:30:00: patient_state_analyzer21 from 4gBaseStation_3_2 (24) to 4gBaseStation_3_1 (23)
05:30:00: heart_attack_determiner21 from 4gBaseStation_3_2 (24) to 4gBaseStation_3_1 (23)
05:30:00: patient_state_analyzer22 from 4gBaseStation_2_2 (22) to cloud (2)
05:30:00: heart_attack_determiner22 from 4gBaseStation_2_2 (22) to cloud (2)
05:30:00: patient_state_analyzer23 from cloud (2) to 4gBaseStation_2_1 (21)
05:30:00: heart_attack_determiner23 from cloud (2) to 4gBaseStation_2_1 (21)
05:30:00: patient_state_analyzer24 from cloud (2) to 4gBaseStation_2_2 (22)
05:30:00: heart_attack_determiner24 from cloud (2) to 4gBaseStation_2_2 (22)
05:30:00: patient_state_analyzer25 from 4gBaseStation_2_2 (22) to 4gBaseStation_3_1 (23)
05:30:00: heart_attack_determiner25 from 4gBaseStation_2_2 (22) to 4gBaseStation_3_1 (23)
05:30:00: patient_state_analyzer26 from 4gBaseStation_5_1 (28) to cloud (2)
05:30:00: patient_state_analyzer28 from 4gBaseStation_3_1 (23) to cloud (2)
05:30:00: heart_attack_determiner28 from 4gBaseStation_3_1 (23) to cloud (2)
05:35:00: heart_attack_determiner30 from cloud (2) to 4gBaseStation_2_1 (21)
05:35:00: patient_state_analyzer31 from 4gBaseStation_2_1 (21) to cloud (2)
05:35:00: heart_attack_determiner31 from 4gBaseStation_2_1 (21) to cloud (2)
05:35:00: patient_state_analyzer32 from cloud (2) to 4gBaseStation_5_1 (28)
05:35:00: heart_attack_determiner32 from cloud (2) to 4gBaseStation_5_1 (28)
05:35:00: patient_state_analyzer33 from cloud (2) to 4gBaseStation_5_2 (29)
05:35:00: heart_attack_determiner33 from cloud (2) to 4gBaseStation_5_2 (29)
05:35:00: patient_state_analyzer36 from cloud (2) to 4gBaseStation_5_1 (28)
05:35:00: heart_attack_determiner36 from cloud (2) to 4gBaseStation_5_1 (28)
05:35:00: heart_attack_determiner37 from 4gBaseStation_1_2 (20) to cloud (2)
05:35:00: patient_state_analyzer38 from 4gBaseStation_5_2 (29) to 4gBaseStation_5_1 (28)
05:35:00: heart_attack_determiner38 from 4gBaseStation_5_2 (29) to 4gBaseStation_5_1 (28)
05:35:00: heart_attack_determiner40 from 4gBaseStation_2_2 (22) to 4gBaseStation_2_1 (21)
05:35:00: patient_state_analyzer41 from 4gBaseStation_3_1 (23) to cloud (2)
05:35:00: heart_attack_determiner41 from 4gBaseStation_3_1 (23) to cloud (2)
05:35:00: heart_attack_determiner42 from 4gBaseStation_7_4 (37) to 4gBaseStation_2_1 (21)
05:35:00: patient_state_analyzer42 from cloud (2) to 4gBaseStation_5_1 (28)
05:35:00: heart_attack_determiner43 from 4gBaseStation_3_1 (23) to 3gBaseStation_5_1 (17)
05:35:00: patient_state_analyzer44 from 4gBaseStation_3_2 (24) to cloud (2)
05:35:00: heart_attack_determiner44 from 4gBaseStation_3_2 (24) to cloud (2)
05:40:00: patient_state_analyzer47 from cloud (2) to 4gBaseStation_4_3 (27)
05:40:00: heart_attack_determiner47 from cloud (2) to 4gBaseStation_4_3 (27)
05:40:00: heart_attack_determiner48 from cloud (2) to 4gBaseStation_2_1 (21)
05:40:00: patient_state_analyzer48 from cloud (2) to 4gBaseStation_4_3 (27)
05:40:00: heart_attack_determiner49 from 4gBaseStation_2_1 (21) to cloud (2)
05:40:00: patient_state_analyzer50 from 4gBaseStation_1_2 (20) to cloud (2)
05:40:00: heart_attack_determiner50 from 4gBaseStation_1_2 (20) to cloud (2)
05:40:00: patient_state_analyzer51 from 4gBaseStation_5_2 (29) to cloud (2)
05:40:00: heart_attack_determiner51 from 4gBaseStation_5_2 (29) to cloud (2)
05:40:00: patient_state_analyzer52 from cloud (2) to 4gBaseStation_2_2 (22)
05:40:00: heart_attack_determiner52 from cloud (2) to 4gBaseStation_2_2 (22)
05:40:00: patient_state_analyzer54 from cloud (2) to 4gBaseStation_5_2 (29)
05:40:00: heart_attack_determiner54 from cloud (2) to 4gBaseStation_5_2 (29)
05:40:00: patient_state_analyzer55 from 4gBaseStation_3_1 (23) to cloud (2)
05:40:00: heart_attack_determiner55 from 4gBaseStation_3_1 (23) to cloud (2)
05:40:00: patient_state_analyzer56 from cloud (2) to 4gBaseStation_2_2 (22)
05:40:00: heart_attack_determiner56 from cloud (2) to 4gBaseStation_2_2 (22)
05:40:00: patient_state_analyzer58 from cloud (2) to 4gBaseStation_2_2 (22)
05:40:00: heart_attack_determiner58 from cloud (2) to 4gBaseStation_3_1 (23)
05:40:00: patient_state_analyzer59 from 4gBaseStation_1_2 (20) to cloud (2)
05:45:00: patient_state_analyzer62 from 4gBaseStation_2_1 (21) to cloud (2)
05:45:00: heart_attack_determiner62 from 4gBaseStation_2_1 (21) to cloud (2)
05:45:00: heart_attack_determiner63 from 4gBaseStation_2_1 (21) to 4gBaseStation_1_2 (20)
05:45:00: patient_state_analyzer63 from cloud (2) to 4gBaseStation_2_1 (21)
05:45:00: heart_attack_determiner66 from cloud (2) to 4gBaseStation_1_2 (20)
05:45:00: patient_state_analyzer66 from cloud (2) to 4gBaseStation_2_2 (22)
05:45:00: patient_state_analyzer67 from 4gBaseStation_3_1 (23) to cloud (2)
05:45:00: heart_attack_determiner67 from 4gBaseStation_3_1 (23) to cloud (2)
05:45:00: heart_attack_determiner68 from 4gBaseStation_5_1 (28) to 4gBaseStation_4_3 (27)
05:45:00: patient_state_analyzer68 from 4gBaseStation_5_1 (28) to 4gBaseStation_7_4 (37)
05:45:00: patient_state_analyzer69 from 4gBaseStation_3_2 (24) to cloud (2)
05:45:00: heart_attack_determiner69 from 4gBaseStation_3_2 (24) to cloud (2)
05:45:00: heart_attack_determiner70 from cloud (2) to 3gBaseStation_1_2 (4)
05:45:00: patient_state_analyzer70 from cloud (2) to 4gBaseStation_6_1 (30)
05:45:00: patient_state_analyzer71 from 4gBaseStation_2_1 (21) to cloud (2)
05:45:00: heart_attack_determiner71 from 4gBaseStation_2_1 (21) to cloud (2)
05:45:00: patient_state_analyzer72 from cloud (2) to 4gBaseStation_5_2 (29)
05:45:00: heart_attack_determiner72 from cloud (2) to 4gBaseStation_5_2 (29)
05:50:00: patient_state_analyzer75 from cloud (2) to 4gBaseStation_1_2 (20)
05:50:00: heart_attack_determiner75 from cloud (2) to 4gBaseStation_1_2 (20)
05:50:00: patient_state_analyzer76 from 4gBaseStation_5_1 (28) to 4gBaseStation_2_1 (21)
05:50:00: heart_attack_determiner76 from 4gBaseStation_5_1 (28) to 4gBaseStation_2_1 (21)
05:50:00: patient_state_analyzer77 from 4gBaseStation_2_1 (21) to 4gBaseStation_2_2 (22)
05:50:00: heart_attack_determiner77 from 4gBaseStation_2_1 (21) to 4gBaseStation_2_2 (22)
05:50:00: patient_state_analyzer78 from cloud (2) to 4gBaseStation_5_1 (28)
05:50:00: heart_attack_determiner78 from cloud (2) to 4gBaseStation_5_1 (28)
05:50:00: patient_state_analyzer79 from 4gBaseStation_5_1 (28) to 4gBaseStation_2_1 (21)
05:50:00: heart_attack_determiner79 from 4gBaseStation_4_3 (27) to 4gBaseStation_2_1 (21)
05:50:00: patient_state_analyzer80 from 4gBaseStation_5_1 (28) to cloud (2)
05:50:00: patient_state_analyzer82 from cloud (2) to 4gBaseStation_5_2 (29)
05:50:00: heart_attack_determiner82 from cloud (2) to 4gBaseStation_5_2 (29)
05:50:00: patient_state_analyzer83 from cloud (2) to 4gBaseStation_5_2 (29)
05:50:00: heart_attack_determiner83 from cloud (2) to 4gBaseStation_5_2 (29)
05:50:00: patient_state_analyzer84 from cloud (2) to 4gBaseStation_5_1 (28)
05:50:00: heart_attack_determiner84 from cloud (2) to 4gBaseStation_5_1 (28)
05:50:00: patient_state_analyzer85 from 4gBaseStation_3_2 (24) to cloud (2)
05:50:00: heart_attack_determiner85 from 4gBaseStation_3_2 (24) to cloud (2)
05:50:00: patient_state_analyzer88 from 4gBaseStation_5_2 (29) to cloud (2)
05:50:00: heart_attack_determiner88 from 4gBaseStation_5_2 (29) to cloud (2)
05:50:00: patient_state_analyzer89 from 4gBaseStation_2_2 (22) to cloud (2)
05:50:00: heart_attack_determiner89 from 4gBaseStation_2_2 (22) to cloud (2)
05:55:00: patient_state_analyzer90 from cloud (2) to 4gBaseStation_3_1 (23)
05:55:00: heart_attack_determiner90 from cloud (2) to 4gBaseStation_3_1 (23)
05:55:00: patient_state_analyzer91 from 4gBaseStation_3_1 (23) to cloud (2)
05:55:00: heart_attack_determiner91 from 4gBaseStation_3_1 (23) to cloud (2)
06:05:00: patient_state_analyzer17 from 4gBaseStation_7_4 (37) to 4gBaseStation_2_1 (21)
06:05:00: heart_attack_determiner17 from 4gBaseStation_5_2 (29) to 4gBaseStation_2_1 (21)
06:05:00: patient_state_analyzer19 from cloud (2) to 4gBaseStation_4_2 (26)
06:05:00: heart_attack_determiner19 from cloud (2) to 4gBaseStation_4_2 (26)
06:05:00: patient_state_analyzer20 from 4gBaseStation_3_2 (24) to cloud (2)
06:05:00: heart_attack_determiner20 from 4gBaseStation_3_2 (24) to cloud (2)
06:05:00: patient_state_analyzer21 from 4gBaseStation_3_1 (23) to cloud (2)
06:05:00: heart_attack_determiner21 from 4gBaseStation_3_1 (23) to cloud (2)
06:05:00: patient_state_analyzer22 from cloud (2) to 4gBaseStation_4_2 (26)
06:05:00: heart_attack_determiner22 from cloud (2) to 4gBaseStation_4_2 (26)
06:05:00: patient_state_analyzer23 from 4gBaseStation_2_1 (21) to 4gBaseStation_4_1 (25)
06:05:00: patient_state_analyzer24 from 4gBaseStation_2_2 (22) to cloud (2)
06:05:00: heart_attack_determiner24 from 4gBaseStation_2_2 (22) to cloud (2)
06:05:00: patient_state_analyzer25 from 4gBaseStation_3_1 (23) to cloud (2)
06:05:00: patient_state_analyzer26 from cloud (2) to 4gBaseStation_5_1 (28)
06:05:00: patient_state_analyzer27 from cloud (2) to 4gBaseStation_5_2 (29)
06:05:00: heart_attack_determiner27 from cloud (2) to 4gBaseStation_5_2 (29)
06:05:00: patient_state_analyzer28 from cloud (2) to 4gBaseStation_3_1 (23)
06:05:00: heart_attack_determiner28 from cloud (2) to 4gBaseStation_4_1 (25)
06:05:00: patient_state_analyzer29 from 4gBaseStation_4_2 (26) to cloud (2)
06:05:00: heart_attack_determiner29 from 4gBaseStation_4_2 (26) to cloud (2)
06:10:00: heart_attack_determiner30 from 4gBaseStation_2_1 (21) to cloud (2)
06:10:00: patient_state_analyzer33 from 4gBaseStation_5_2 (29) to cloud (2)
06:10:00: heart_attack_determiner33 from 4gBaseStation_5_2 (29) to cloud (2)
06:10:00: heart_attack_determiner34 from cloud (2) to 4gBaseStation_4_3 (27)
06:10:00: patient_state_analyzer35 from cloud (2) to 4gBaseStation_3_1 (23)
06:10:00: heart_attack_determiner35 from cloud (2) to 4gBaseStation_3_1 (23)
06:10:00: patient_state_analyzer36 from 4gBaseStation_5_1 (28) to cloud (2)
06:10:00: heart_attack_determiner36 from 4gBaseStation_5_1 (28) to cloud (2)
06:10:00: patient_state_analyzer37 from cloud (2) to 4gBaseStation_2_1 (21)
06:10:00: heart_attack_determiner37 from cloud (2) to 4gBaseStation_2_1 (21)
06:10:00: patient_state_analyzer38 from 4gBaseStation_5_1 (28) to cloud (2)
06:10:00: heart_attack_determiner38 from 4gBaseStation_5_1 (28) to cloud (2)
06:10:00: patient_state_analyzer40 from 4gBaseStation_2_2 (22) to 4gBaseStation_3_2 (24)
06:10:00: heart_attack_determiner40 from 4gBaseStation_2_1 (21) to 4gBaseStation_3_2 (24)
06:10:00: patient_state_analyzer41 from cloud (2) to 4gBaseStation_2_2 (22)
06:10:00: heart_attack_determiner41 from cloud (2) to 4gBaseStation_2_2 (22)
06:10:00: patient_state_analyzer42 from 4gBaseStation_5_1 (28) to cloud (2)
06:10:00: heart_attack_determiner42 from 4gBaseStation_2_1 (21) to cloud (2)
06:10:00: heart_attack_determiner43 from 3gBaseStation_5_1 (17) to 4gBaseStation_3_1 (23)
06:15:00: patient_state_analyzer48 from 4gBaseStation_4_3 (27) to 4gBaseStation_2_1 (21)
06:15:00: patient_state_analyzer53 from 4gBaseStation_2_2 (22) to cloud (2)
06:15:00: patient_state_analyzer54 from 4gBaseStation_5_2 (29) to 4gBaseStation_4_3 (27)
06:15:00: heart_attack_determiner54 from 4gBaseStation_5_2 (29) to 4gBaseStation_4_3 (27)
06:15:00: patient_state_analyzer55 from cloud (2) to 4gBaseStation_2_2 (22)
06:15:00: heart_attack_determiner55 from cloud (2) to 4gBaseStation_7_3 (36)
06:15:00: patient_state_analyzer57 from 4gBaseStation_3_1 (23) to cloud (2)
06:15:00: heart_attack_determiner57 from 4gBaseStation_3_1 (23) to cloud (2)
06:15:00: patient_state_analyzer58 from 4gBaseStation_2_2 (22) to 4gBaseStation_3_1 (23)
06:15:00: heart_attack_determiner59 from 4gBaseStation_1_2 (20) to cloud (2)
06:25:00: patient_state_analyzer75 from 4gBaseStation_1_2 (20) to cloud (2)
06:25:00: heart_attack_determiner75 from 4gBaseStation_1_2 (20) to cloud (2)
06:25:00: patient_state_analyzer76 from 4gBaseStation_2_1 (21) to 4gBaseStation_3_2 (24)
06:25:00: patient_state_analyzer79 from 4gBaseStation_2_1 (21) to cloud (2)
06:25:00: heart_attack_determiner79 from 4gBaseStation_2_1 (21) to cloud (2)
06:25:00: patient_state_analyzer80 from cloud (2) to 4gBaseStation_5_1 (28)
06:25:00: patient_state_analyzer81 from 4gBaseStation_3_1 (23) to cloud (2)
06:25:00: heart_attack_determiner81 from 4gBaseStation_3_1 (23) to cloud (2)
06:25:00: patient_state_analyzer83 from 4gBaseStation_5_2 (29) to cloud (2)
06:25:00: heart_attack_determiner83 from 4gBaseStation_5_2 (29) to cloud (2)
06:25:00: patient_state_analyzer85 from cloud (2) to 4gBaseStation_5_2 (29)
06:25:00: heart_attack_determiner85 from cloud (2) to 4gBaseStation_5_2 (29)
06:25:00: patient_state_analyzer86 from cloud (2) to 3gBaseStation_3_4 (18)
06:25:00: heart_attack_determiner86 from cloud (2) to 4gBaseStation_5_1 (28)
06:25:00: patient_state_analyzer88 from cloud (2) to 4gBaseStation_3_2 (24)
06:25:00: heart_attack_determiner88 from cloud (2) to 4gBaseStation_3_2 (24)
06:40:00: patient_state_analyzer23 from 4gBaseStation_4_1 (25) to cloud (2)
06:40:00: heart_attack_determiner25 from 4gBaseStation_3_1 (23) to cloud (2)
06:40:00: heart_attack_determiner28 from 4gBaseStation_4_1 (25) to 3gBaseStation_5_1 (17)
06:50:00: patient_state_analyzer45 from cloud (2) to 4gBaseStation_2_2 (22)
06:50:00: heart_attack_determiner45 from cloud (2) to 4gBaseStation_3_1 (23)
06:50:00: patient_state_analyzer46 from cloud (2) to 4gBaseStation_4_3 (27)
06:50:00: heart_attack_determiner46 from cloud (2) to 4gBaseStation_4_3 (27)
06:50:00: patient_state_analyzer47 from 4gBaseStation_4_3 (27) to cloud (2)
06:50:00: heart_attack_determiner47 from 4gBaseStation_4_3 (27) to cloud (2)
06:50:00: patient_state_analyzer48 from 4gBaseStation_2_1 (21) to cloud (2)
06:50:00: heart_attack_determiner48 from 4gBaseStation_2_1 (21) to cloud (2)
06:50:00: patient_state_analyzer49 from cloud (2) to 4gBaseStation_4_2 (26)
06:50:00: heart_attack_determiner49 from cloud (2) to 4gBaseStation_4_2 (26)
06:50:00: patient_state_analyzer52 from 4gBaseStation_2_2 (22) to cloud (2)
06:50:00: heart_attack_determiner52 from 4gBaseStation_2_2 (22) to cloud (2)
06:50:00: patient_state_analyzer53 from cloud (2) to 4gBaseStation_4_2 (26)
06:50:00: heart_attack_determiner53 from 4gBaseStation_2_2 (22) to 4gBaseStation_4_2 (26)
06:50:00: patient_state_analyzer54 from 4gBaseStation_4_3 (27) to 3gBaseStation_4_5 (16)
06:50:00: heart_attack_determiner55 from 4gBaseStation_7_3 (36) to 4gBaseStation_2_2 (22)
06:50:00: patient_state_analyzer56 from 4gBaseStation_2_2 (22) to cloud (2)
06:50:00: heart_attack_determiner56 from 4gBaseStation_2_2 (22) to cloud (2)
06:50:00: patient_state_analyzer57 from cloud (2) to 4gBaseStation_3_1 (23)
06:50:00: heart_attack_determiner57 from cloud (2) to 4gBaseStation_3_1 (23)
07:10:00: patient_state_analyzer1 from cloud (2) to 4gBaseStation_2_1 (21)
07:10:00: heart_attack_determiner1 from cloud (2) to 4gBaseStation_2_1 (21)
07:10:00: patient_state_analyzer11 from cloud (2) to 4gBaseStation_3_1 (23)
07:10:00: heart_attack_determiner11 from cloud (2) to 4gBaseStation_3_1 (23)
07:10:00: patient_state_analyzer12 from cloud (2) to 4gBaseStation_3_1 (23)
07:10:00: heart_attack_determiner12 from cloud (2) to 4gBaseStation_3_1 (23)
07:10:00: patient_state_analyzer13 from 4gBaseStation_3_1 (23) to cloud (2)
07:10:00: heart_attack_determiner13 from 4gBaseStation_3_1 (23) to cloud (2)
07:10:00: patient_state_analyzer14 from 4gBaseStation_3_1 (23) to cloud (2)
07:10:00: heart_attack_determiner14 from 4gBaseStation_3_1 (23) to cloud (2)
07:10:00: heart_attack_determiner2 from cloud (2) to 4gBaseStation_2_1 (21)
07:10:00: patient_state_analyzer5 from cloud (2) to 4gBaseStation_2_1 (21)
07:10:00: heart_attack_determiner5 from cloud (2) to 4gBaseStation_2_1 (21)
07:10:00: patient_state_analyzer6 from 4gBaseStation_3_1 (23) to cloud (2)
07:10:00: heart_attack_determiner6 from 4gBaseStation_3_1 (23) to cloud (2)
07:10:00: patient_state_analyzer7 from 4gBaseStation_4_3 (27) to cloud (2)
07:10:00: heart_attack_determiner7 from 4gBaseStation_1_2 (20) to cloud (2)
07:20:00: patient_state_analyzer30 from cloud (2) to 4gBaseStation_2_1 (21)
07:20:00: heart_attack_determiner30 from cloud (2) to 4gBaseStation_2_1 (21)
07:20:00: heart_attack_determiner31 from cloud (2) to 4gBaseStation_2_1 (21)
07:20:00: patient_state_analyzer34 from cloud (2) to 4gBaseStation_4_3 (27)
07:20:00: patient_state_analyzer35 from 4gBaseStation_3_1 (23) to 4gBaseStation_1_1 (19)
07:20:00: heart_attack_determiner35 from 4gBaseStation_3_1 (23) to 4gBaseStation_1_1 (19)
07:20:00: patient_state_analyzer36 from cloud (2) to 4gBaseStation_5_1 (28)
07:20:00: heart_attack_determiner36 from cloud (2) to 4gBaseStation_5_1 (28)
07:20:00: patient_state_analyzer38 from cloud (2) to 4gBaseStation_5_1 (28)
07:20:00: heart_attack_determiner38 from cloud (2) to 4gBaseStation_5_1 (28)
07:20:00: patient_state_analyzer39 from 4gBaseStation_3_1 (23) to cloud (2)
07:20:00: heart_attack_determiner39 from 4gBaseStation_3_1 (23) to cloud (2)
07:20:00: patient_state_analyzer40 from 4gBaseStation_3_2 (24) to cloud (2)
07:20:00: heart_attack_determiner40 from 4gBaseStation_3_2 (24) to cloud (2)
07:20:00: patient_state_analyzer41 from 4gBaseStation_2_2 (22) to cloud (2)
07:20:00: heart_attack_determiner41 from 4gBaseStation_2_2 (22) to cloud (2)
07:20:00: patient_state_analyzer42 from cloud (2) to 4gBaseStation_3_1 (23)
07:20:00: heart_attack_determiner42 from cloud (2) to 4gBaseStation_3_1 (23)
07:20:00: patient_state_analyzer43 from 4gBaseStation_3_1 (23) to cloud (2)
07:20:00: heart_attack_determiner43 from 4gBaseStation_3_1 (23) to cloud (2)
07:35:00: patient_state_analyzer76 from 4gBaseStation_3_2 (24) to 4gBaseStation_2_1 (21)
07:35:00: patient_state_analyzer77 from 4gBaseStation_2_2 (22) to cloud (2)
07:35:00: heart_attack_determiner77 from 4gBaseStation_2_2 (22) to cloud (2)
07:35:00: heart_attack_determiner78 from 4gBaseStation_5_1 (28) to 4gBaseStation_4_1 (25)
07:35:00: patient_state_analyzer80 from 4gBaseStation_5_1 (28) to cloud (2)
07:35:00: heart_attack_determiner80 from 4gBaseStation_5_1 (28) to cloud (2)
07:35:00: patient_state_analyzer81 from cloud (2) to 4gBaseStation_3_1 (23)
07:35:00: heart_attack_determiner81 from cloud (2) to 4gBaseStation_3_1 (23)
07:35:00: patient_state_analyzer83 from cloud (2) to 4gBaseStation_2_1 (21)
07:35:00: heart_attack_determiner83 from cloud (2) to 4gBaseStation_2_1 (21)
07:35:00: patient_state_analyzer86 from 3gBaseStation_3_4 (18) to 4gBaseStation_5_1 (28)
07:35:00: patient_state_analyzer88 from 4gBaseStation_3_2 (24) to cloud (2)
07:35:00: heart_attack_determiner88 from 4gBaseStation_3_2 (24) to cloud (2)